TN:
SF:src/app.controller.ts
FN:6,(anonymous_2)
FN:9,(anonymous_3)
FN:14,(anonymous_4)
FNF:3
FNH:3
FNDA:2,(anonymous_2)
FNDA:1,(anonymous_3)
FNDA:1,(anonymous_4)
DA:1,1
DA:2,1
DA:5,1
DA:6,2
DA:9,1
DA:10,1
DA:14,1
DA:15,1
LF:8
LH:8
BRF:0
BRH:0
end_of_record
TN:
SF:src/app.service.ts
FN:5,(anonymous_1)
FNF:1
FNH:0
FNDA:0,(anonymous_1)
DA:1,1
DA:4,1
DA:6,0
LF:3
LH:2
BRF:0
BRH:0
end_of_record
TN:
SF:src/common/exceptions/custom-exceptions.ts
FN:4,(anonymous_0)
FN:17,(anonymous_1)
FN:30,(anonymous_2)
FN:43,(anonymous_3)
FN:56,(anonymous_4)
FN:69,(anonymous_5)
FN:82,(anonymous_6)
FN:95,(anonymous_7)
FN:108,(anonymous_8)
FN:121,(anonymous_9)
FN:134,(anonymous_10)
FN:147,(anonymous_11)
FN:160,(anonymous_12)
FN:173,(anonymous_13)
FNF:14
FNH:3
FNDA:0,(anonymous_0)
FNDA:0,(anonymous_1)
FNDA:0,(anonymous_2)
FNDA:0,(anonymous_3)
FNDA:0,(anonymous_4)
FNDA:0,(anonymous_5)
FNDA:0,(anonymous_6)
FNDA:0,(anonymous_7)
FNDA:0,(anonymous_8)
FNDA:0,(anonymous_9)
FNDA:1,(anonymous_10)
FNDA:1,(anonymous_11)
FNDA:5,(anonymous_12)
FNDA:0,(anonymous_13)
DA:1,1
DA:3,1
DA:5,0
DA:16,1
DA:18,0
DA:29,1
DA:31,0
DA:42,1
DA:44,0
DA:55,1
DA:57,0
DA:68,1
DA:70,0
DA:81,1
DA:83,0
DA:94,1
DA:96,0
DA:107,1
DA:109,0
DA:120,1
DA:122,0
DA:133,1
DA:135,1
DA:146,1
DA:148,1
DA:159,1
DA:161,5
DA:172,1
DA:174,0
LF:29
LH:18
BRF:0
BRH:0
end_of_record
TN:
SF:src/common/logger/logger.service.ts
FN:10,(anonymous_2)
FN:14,(anonymous_3)
FN:27,(anonymous_4)
FN:73,(anonymous_5)
FN:77,(anonymous_6)
FN:81,(anonymous_7)
FN:85,(anonymous_8)
FN:89,(anonymous_9)
FN:94,(anonymous_10)
FN:106,(anonymous_11)
FN:118,(anonymous_12)
FN:123,(anonymous_13)
FNF:12
FNH:0
FNDA:0,(anonymous_2)
FNDA:0,(anonymous_3)
FNDA:0,(anonymous_4)
FNDA:0,(anonymous_5)
FNDA:0,(anonymous_6)
FNDA:0,(anonymous_7)
FNDA:0,(anonymous_8)
FNDA:0,(anonymous_9)
FNDA:0,(anonymous_10)
FNDA:0,(anonymous_11)
FNDA:0,(anonymous_12)
FNDA:0,(anonymous_13)
DA:1,1
DA:2,1
DA:3,1
DA:4,1
DA:7,1
DA:10,0
DA:11,0
DA:15,0
DA:16,0
DA:17,0
DA:20,0
DA:28,0
DA:36,0
DA:37,0
DA:62,0
DA:74,0
DA:78,0
DA:82,0
DA:86,0
DA:90,0
DA:100,0
DA:112,0
DA:119,0
DA:120,0
DA:124,0
LF:25
LH:5
BRDA:28,0,0,0
BRDA:28,0,1,0
BRDA:36,1,0,0
BRDA:101,2,0,0
BRDA:101,2,1,0
BRF:5
BRH:0
end_of_record
TN:
SF:src/common/types/express.d.ts
FNF:0
FNH:0
LF:0
LH:0
BRF:0
BRH:0
end_of_record
TN:
SF:src/config/app.config.ts
FN:32,(anonymous_0)
FNF:1
FNH:0
FNDA:0,(anonymous_0)
DA:1,0
DA:2,0
DA:30,0
DA:32,0
DA:64,0
LF:5
LH:0
BRDA:33,0,0,0
BRDA:33,0,1,0
BRDA:34,1,0,0
BRDA:34,1,1,0
BRDA:35,2,0,0
BRDA:35,2,1,0
BRDA:37,3,0,0
BRDA:37,3,1,0
BRDA:43,4,0,0
BRDA:43,4,1,0
BRDA:44,5,0,0
BRDA:44,5,1,0
BRDA:48,6,0,0
BRDA:48,6,1,0
BRDA:50,7,0,0
BRDA:50,7,1,0
BRDA:52,8,0,0
BRDA:52,8,1,0
BRDA:54,9,0,0
BRDA:54,9,1,0
BRDA:57,10,0,0
BRDA:57,10,1,0
BRDA:58,11,0,0
BRDA:58,11,1,0
BRDA:59,12,0,0
BRDA:59,12,1,0
BRF:26
BRH:0
end_of_record
TN:
SF:src/config/database.config.ts
FN:23,(anonymous_0)
FN:46,(anonymous_1)
FNF:2
FNH:0
FNDA:0,(anonymous_0)
FNDA:0,(anonymous_1)
DA:1,0
DA:3,0
DA:21,0
DA:23,0
DA:46,0
DA:47,0
DA:49,0
DA:70,0
LF:8
LH:0
BRDA:24,0,0,0
BRDA:24,0,1,0
BRDA:25,1,0,0
BRDA:25,1,1,0
BRDA:26,2,0,0
BRDA:26,2,1,0
BRDA:27,3,0,0
BRDA:27,3,1,0
BRDA:28,4,0,0
BRDA:28,4,1,0
BRDA:32,5,0,0
BRDA:32,5,1,0
BRDA:35,6,0,0
BRDA:35,6,1,0
BRDA:36,7,0,0
BRDA:36,7,1,0
BRDA:37,8,0,0
BRDA:37,8,1,0
BRDA:38,9,0,0
BRDA:38,9,1,0
BRDA:40,10,0,0
BRDA:40,10,1,0
BRF:22
BRH:0
end_of_record
TN:
SF:src/controllers/application.controller.ts
FN:25,(anonymous_4)
FN:33,(anonymous_5)
FN:42,(anonymous_6)
FNF:3
FNH:0
FNDA:0,(anonymous_4)
FNDA:0,(anonymous_5)
FNDA:0,(anonymous_6)
DA:1,0
DA:13,0
DA:14,0
DA:15,0
DA:16,0
DA:17,0
DA:24,0
DA:26,0
DA:27,0
DA:33,0
DA:36,0
DA:42,0
DA:46,0
LF:13
LH:0
BRF:0
BRH:0
end_of_record
TN:
SF:src/controllers/resend-verification.controller.ts
FN:22,(anonymous_4)
FN:61,(anonymous_5)
FNF:2
FNH:0
FNDA:0,(anonymous_4)
FNDA:0,(anonymous_5)
DA:1,0
DA:2,0
DA:9,0
DA:10,0
DA:15,0
DA:16,0
DA:21,0
DA:23,0
DA:61,0
DA:66,0
LF:10
LH:0
BRF:0
BRH:0
end_of_record
TN:
SF:src/controllers/service-addition.controller.ts
FN:21,(anonymous_4)
FN:39,(anonymous_5)
FNF:2
FNH:0
FNDA:0,(anonymous_4)
FNDA:0,(anonymous_5)
DA:1,0
DA:2,0
DA:9,0
DA:10,0
DA:14,0
DA:15,0
DA:20,0
DA:22,0
DA:39,0
DA:44,0
LF:10
LH:0
BRF:0
BRH:0
end_of_record
TN:
SF:src/controllers/service-deletion.controller.ts
FN:16,(anonymous_4)
FN:54,(anonymous_5)
FNF:2
FNH:0
FNDA:0,(anonymous_4)
FNDA:0,(anonymous_5)
DA:1,0
DA:2,0
DA:3,0
DA:4,0
DA:8,0
DA:9,0
DA:10,0
DA:15,0
DA:17,0
DA:54,0
DA:59,0
LF:11
LH:0
BRF:0
BRH:0
end_of_record
TN:
SF:src/controllers/service-update.controller.ts
FN:22,(anonymous_4)
FN:45,(anonymous_5)
FNF:2
FNH:0
FNDA:0,(anonymous_4)
FNDA:0,(anonymous_5)
DA:1,0
DA:2,0
DA:9,0
DA:10,0
DA:14,0
DA:15,0
DA:16,0
DA:21,0
DA:22,0
DA:45,0
DA:51,0
LF:11
LH:0
BRF:0
BRH:0
end_of_record
TN:
SF:src/controllers/verification-generation.controller.ts
FN:22,(anonymous_4)
FN:60,(anonymous_5)
FNF:2
FNH:0
FNDA:0,(anonymous_4)
FNDA:0,(anonymous_5)
DA:1,0
DA:2,0
DA:9,0
DA:10,0
DA:15,0
DA:16,0
DA:21,0
DA:23,0
DA:60,0
DA:65,0
LF:10
LH:0
BRF:0
BRH:0
end_of_record
TN:
SF:src/controllers/verification.controller.ts
FN:22,(anonymous_4)
FN:61,(anonymous_5)
FNF:2
FNH:0
FNDA:0,(anonymous_4)
FNDA:0,(anonymous_5)
DA:1,0
DA:2,0
DA:9,0
DA:10,0
DA:15,0
DA:16,0
DA:21,0
DA:22,0
DA:61,0
DA:66,0
LF:10
LH:0
BRF:0
BRH:0
end_of_record
TN:
SF:src/seeders/database.seeder.ts
FN:12,(anonymous_4)
FN:19,(anonymous_5)
FNF:2
FNH:0
FNDA:0,(anonymous_4)
FNDA:0,(anonymous_5)
DA:1,0
DA:2,0
DA:3,0
DA:4,0
DA:11,0
DA:14,0
DA:16,0
DA:21,0
DA:29,0
DA:32,0
DA:77,0
DA:78,0
DA:79,0
DA:82,0
DA:83,0
LF:15
LH:0
BRF:0
BRH:0
end_of_record
TN:
SF:src/services/application-query.service.ts
FN:9,(anonymous_4)
FN:18,(anonymous_5)
FN:45,(anonymous_6)
FN:72,(anonymous_7)
FNF:4
FNH:0
FNDA:0,(anonymous_4)
FNDA:0,(anonymous_5)
FNDA:0,(anonymous_6)
FNDA:0,(anonymous_7)
DA:1,1
DA:2,1
DA:3,1
DA:4,1
DA:5,1
DA:8,1
DA:11,0
DA:12,0
DA:19,0
DA:23,0
DA:24,0
DA:28,0
DA:31,0
DA:35,0
DA:46,0
DA:50,0
DA:51,0
DA:55,0
DA:58,0
DA:62,0
DA:74,0
DA:78,0
DA:79,0
DA:80,0
DA:83,0
DA:84,0
DA:87,0
DA:95,0
DA:99,0
LF:29
LH:6
BRDA:23,0,0,0
BRDA:50,1,0,0
BRDA:83,2,0,0
BRF:3
BRH:0
end_of_record
TN:
SF:src/services/application.service.ts
FN:20,(anonymous_4)
FN:28,(anonymous_5)
FN:140,(anonymous_6)
FN:147,(anonymous_7)
FNF:4
FNH:4
FNDA:4,(anonymous_4)
FNDA:4,(anonymous_5)
FNDA:2,(anonymous_6)
FNDA:2,(anonymous_7)
DA:1,1
DA:6,1
DA:7,1
DA:8,1
DA:15,1
DA:16,1
DA:19,1
DA:22,4
DA:24,4
DA:25,4
DA:31,4
DA:32,4
DA:34,4
DA:35,4
DA:37,4
DA:41,3
DA:42,1
DA:48,2
DA:49,2
DA:50,2
DA:53,2
DA:55,2
DA:58,2
DA:67,2
DA:70,2
DA:71,2
DA:73,2
DA:80,2
DA:81,1
DA:84,1
DA:94,1
DA:95,1
DA:99,1
DA:110,1
DA:116,1
DA:121,3
DA:122,2
DA:134,1
DA:141,2
DA:148,2
LF:40
LH:40
BRDA:41,0,0,1
BRDA:80,1,0,1
BRDA:87,2,0,1
BRDA:87,2,1,1
BRDA:121,3,0,2
BRF:5
BRH:5
end_of_record
TN:
SF:src/services/encryption.service.ts
FN:9,(anonymous_2)
FN:20,(anonymous_3)
FN:30,(anonymous_4)
FN:44,(anonymous_5)
FN:51,(anonymous_6)
FN:58,(anonymous_7)
FN:65,(anonymous_8)
FNF:7
FNH:7
FNDA:10,(anonymous_2)
FNDA:8,(anonymous_3)
FNDA:7,(anonymous_4)
FNDA:1,(anonymous_5)
FNDA:1,(anonymous_6)
FNDA:1,(anonymous_7)
FNDA:1,(anonymous_8)
DA:1,3
DA:2,3
DA:3,3
DA:6,3
DA:9,10
DA:11,10
DA:21,8
DA:23,5
DA:24,3
DA:31,7
DA:33,4
DA:34,4
DA:35,4
DA:37,0
DA:45,1
DA:52,1
DA:59,1
DA:66,1
LF:18
LH:17
BRDA:21,0,0,3
BRDA:31,1,0,3
BRF:2
BRH:2
end_of_record
TN:
SF:src/services/key-rotation.service.ts
FN:21,(anonymous_4)
FN:27,(anonymous_5)
FN:100,(anonymous_6)
FN:107,(anonymous_7)
FNF:4
FNH:0
FNDA:0,(anonymous_4)
FNDA:0,(anonymous_5)
FNDA:0,(anonymous_6)
FNDA:0,(anonymous_7)
DA:1,0
DA:6,0
DA:7,0
DA:8,0
DA:9,0
DA:10,0
DA:20,0
DA:23,0
DA:24,0
DA:32,0
DA:33,0
DA:37,0
DA:41,0
DA:42,0
DA:46,0
DA:47,0
DA:48,0
DA:51,0
DA:53,0
DA:56,0
DA:57,0
DA:58,0
DA:59,0
DA:61,0
DA:64,0
DA:75,0
DA:84,0
DA:93,0
DA:101,0
DA:108,0
LF:30
LH:0
BRDA:32,0,0,0
BRDA:41,1,0,0
BRF:2
BRH:0
end_of_record
TN:
SF:src/services/resend-verification.service.ts
FN:32,(anonymous_4)
FN:42,(anonymous_5)
FN:166,(anonymous_6)
FN:194,(anonymous_7)
FNF:4
FNH:0
FNDA:0,(anonymous_4)
FNDA:0,(anonymous_5)
FNDA:0,(anonymous_6)
FNDA:0,(anonymous_7)
DA:1,0
DA:7,0
DA:8,0
DA:9,0
DA:10,0
DA:11,0
DA:19,0
DA:20,0
DA:31,0
DA:34,0
DA:36,0
DA:38,0
DA:39,0
DA:47,0
DA:51,0
DA:52,0
DA:56,0
DA:57,0
DA:60,0
DA:63,0
DA:66,0
DA:74,0
DA:75,0
DA:81,0
DA:82,0
DA:88,0
DA:89,0
DA:95,0
DA:98,0
DA:104,0
DA:111,0
DA:112,0
DA:119,0
DA:120,0
DA:121,0
DA:124,0
DA:127,0
DA:128,0
DA:129,0
DA:130,0
DA:132,0
DA:135,0
DA:143,0
DA:150,0
DA:159,0
DA:167,0
DA:168,0
DA:170,0
DA:172,0
DA:176,0
DA:179,0
DA:180,0
DA:181,0
DA:182,0
DA:184,0
DA:187,0
DA:195,0
DA:196,0
LF:58
LH:0
BRDA:51,0,0,0
BRDA:56,1,0,0
BRDA:74,2,0,0
BRDA:81,3,0,0
BRDA:88,4,0,0
BRDA:95,5,0,0
BRDA:111,6,0,0
BRDA:167,7,0,0
BRDA:167,7,1,0
BRDA:168,8,0,0
BRDA:168,8,1,0
BRDA:170,9,0,0
BRDA:170,9,1,0
BRDA:170,10,0,0
BRDA:170,10,1,0
BRDA:176,11,0,0
BRDA:176,11,1,0
BRDA:176,12,0,0
BRDA:176,12,1,0
BRDA:195,13,0,0
BRDA:195,13,1,0
BRF:21
BRH:0
end_of_record
TN:
SF:src/services/service-addition.service.ts
FN:21,(anonymous_4)
FN:28,(anonymous_5)
FNF:2
FNH:0
FNDA:0,(anonymous_4)
FNDA:0,(anonymous_5)
DA:1,0
DA:6,0
DA:7,0
DA:8,0
DA:9,0
DA:20,0
DA:23,0
DA:25,0
DA:33,0
DA:37,0
DA:38,0
DA:42,0
DA:43,0
DA:46,0
DA:49,0
DA:51,0
DA:58,0
DA:59,0
DA:65,0
DA:75,0
DA:76,0
DA:80,0
DA:87,0
DA:96,0
DA:105,0
LF:25
LH:0
BRDA:37,0,0,0
BRDA:42,1,0,0
BRDA:58,2,0,0
BRDA:68,3,0,0
BRDA:68,3,1,0
BRF:5
BRH:0
end_of_record
TN:
SF:src/services/service-deletion.service.ts
FN:16,(anonymous_4)
FN:23,(anonymous_5)
FNF:2
FNH:0
FNDA:0,(anonymous_4)
FNDA:0,(anonymous_5)
DA:1,0
DA:6,0
DA:7,0
DA:8,0
DA:9,0
DA:12,0
DA:15,0
DA:18,0
DA:20,0
DA:28,0
DA:32,0
DA:33,0
DA:37,0
DA:38,0
DA:42,0
DA:49,0
DA:50,0
DA:56,0
DA:57,0
DA:63,0
DA:64,0
DA:67,0
DA:70,0
DA:72,0
DA:91,0
LF:25
LH:0
BRDA:32,0,0,0
BRDA:37,1,0,0
BRDA:49,2,0,0
BRDA:56,3,0,0
BRF:4
BRH:0
end_of_record
TN:
SF:src/services/service-update.service.ts
FN:19,(anonymous_4)
FN:26,(anonymous_5)
FNF:2
FNH:0
FNDA:0,(anonymous_4)
FNDA:0,(anonymous_5)
DA:1,0
DA:6,0
DA:7,0
DA:8,0
DA:9,0
DA:15,0
DA:18,0
DA:21,0
DA:23,0
DA:32,0
DA:36,0
DA:37,0
DA:41,0
DA:42,0
DA:46,0
DA:53,0
DA:54,0
DA:60,0
DA:61,0
DA:65,0
DA:68,0
DA:69,0
DA:74,0
DA:83,0
DA:90,0
DA:97,0
DA:100,0
DA:103,0
DA:105,0
DA:122,0
LF:30
LH:0
BRDA:36,0,0,0
BRDA:41,1,0,0
BRDA:53,2,0,0
BRDA:60,3,0,0
BRDA:68,4,0,0
BRF:5
BRH:0
end_of_record
TN:
SF:src/services/verification-generation.service.ts
FN:32,(anonymous_4)
FN:42,(anonymous_5)
FN:169,(anonymous_6)
FN:197,(anonymous_7)
FNF:4
FNH:0
FNDA:0,(anonymous_4)
FNDA:0,(anonymous_5)
FNDA:0,(anonymous_6)
FNDA:0,(anonymous_7)
DA:1,0
DA:7,0
DA:8,0
DA:9,0
DA:10,0
DA:11,0
DA:19,0
DA:20,0
DA:31,0
DA:34,0
DA:36,0
DA:38,0
DA:39,0
DA:47,0
DA:51,0
DA:52,0
DA:56,0
DA:57,0
DA:60,0
DA:63,0
DA:65,0
DA:73,0
DA:74,0
DA:81,0
DA:91,0
DA:93,0
DA:94,0
DA:99,0
DA:100,0
DA:106,0
DA:107,0
DA:108,0
DA:111,0
DA:114,0
DA:134,0
DA:137,0
DA:146,0
DA:153,0
DA:162,0
DA:170,0
DA:171,0
DA:173,0
DA:175,0
DA:179,0
DA:182,0
DA:183,0
DA:184,0
DA:185,0
DA:187,0
DA:190,0
DA:198,0
DA:199,0
LF:52
LH:0
BRDA:51,0,0,0
BRDA:56,1,0,0
BRDA:73,2,0,0
BRDA:91,3,0,0
BRDA:93,4,0,0
BRDA:93,4,1,0
BRDA:123,5,0,0
BRDA:123,5,1,0
BRDA:125,6,0,0
BRDA:125,6,1,0
BRDA:170,7,0,0
BRDA:170,7,1,0
BRDA:171,8,0,0
BRDA:171,8,1,0
BRDA:173,9,0,0
BRDA:173,9,1,0
BRDA:173,10,0,0
BRDA:173,10,1,0
BRDA:179,11,0,0
BRDA:179,11,1,0
BRDA:179,12,0,0
BRDA:179,12,1,0
BRDA:198,13,0,0
BRDA:198,13,1,0
BRF:24
BRH:0
end_of_record
TN:
SF:src/services/verification.service.ts
FN:22,(anonymous_4)
FN:30,(anonymous_5)
FNF:2
FNH:0
FNDA:0,(anonymous_4)
FNDA:0,(anonymous_5)
DA:1,0
DA:7,0
DA:8,0
DA:9,0
DA:10,0
DA:17,0
DA:18,0
DA:21,0
DA:24,0
DA:26,0
DA:27,0
DA:35,0
DA:39,0
DA:40,0
DA:44,0
DA:45,0
DA:49,0
DA:52,0
DA:60,0
DA:61,0
DA:67,0
DA:68,0
DA:74,0
DA:75,0
DA:81,0
DA:85,0
DA:92,0
DA:93,0
DA:95,0
DA:101,0
DA:103,0
DA:104,0
DA:106,0
DA:112,0
DA:113,0
DA:114,0
DA:116,0
DA:120,0
DA:127,0
DA:136,0
LF:40
LH:0
BRDA:39,0,0,0
BRDA:44,1,0,0
BRDA:60,2,0,0
BRDA:67,3,0,0
BRDA:74,4,0,0
BRDA:81,5,0,0
BRDA:101,6,0,0
BRF:7
BRH:0
end_of_record
