{"/Users/yogipatel/Documents/BAPS Projects/verify-backend/src/app.controller.ts": {"path":"/Users/yogipatel/Documents/BAPS Projects/verify-backend/src/app.controller.ts","statementMap":{"0":{"start":{"line":1,"column":0},"end":{"line":1,"column":49}},"1":{"start":{"line":2,"column":0},"end":{"line":2,"column":43}},"2":{"start":{"line":5,"column":7},"end":{"line":20,"column":null}},"3":{"start":{"line":6,"column":31},"end":{"line":6,"column":43}},"4":{"start":{"line":10,"column":4},"end":{"line":10,"column":38}},"5":{"start":{"line":15,"column":4},"end":{"line":18,"column":6}},"6":{"start":{"line":5,"column":13},"end":{"line":5,"column":26}},"7":{"start":{"line":9,"column":2},"end":{"line":11,"column":null}},"8":{"start":{"line":14,"column":2},"end":{"line":19,"column":null}},"9":{"start":{"line":5,"column":13},"end":{"line":20,"column":null}}},"fnMap":{"0":{"name":"(anonymous_2)","decl":{"start":{"line":6,"column":2},"end":{"line":6,"column":31}},"loc":{"start":{"line":6,"column":53},"end":{"line":6,"column":57}}},"1":{"name":"(anonymous_3)","decl":{"start":{"line":9,"column":2},"end":{"line":9,"column":10}},"loc":{"start":{"line":9,"column":10},"end":{"line":11,"column":3}}},"2":{"name":"(anonymous_4)","decl":{"start":{"line":14,"column":2},"end":{"line":14,"column":11}},"loc":{"start":{"line":14,"column":11},"end":{"line":19,"column":3}}}},"branchMap":{},"s":{"0":0,"1":0,"2":0,"3":0,"4":0,"5":0,"6":0,"7":0,"8":0,"9":0},"f":{"0":0,"1":0,"2":0},"b":{}}
,"/Users/yogipatel/Documents/BAPS Projects/verify-backend/src/app.service.ts": {"path":"/Users/yogipatel/Documents/BAPS Projects/verify-backend/src/app.service.ts","statementMap":{"0":{"start":{"line":1,"column":0},"end":{"line":1,"column":44}},"1":{"start":{"line":4,"column":7},"end":{"line":8,"column":null}},"2":{"start":{"line":6,"column":4},"end":{"line":6,"column":26}},"3":{"start":{"line":4,"column":13},"end":{"line":4,"column":23}},"4":{"start":{"line":4,"column":13},"end":{"line":8,"column":null}}},"fnMap":{"0":{"name":"(anonymous_1)","decl":{"start":{"line":5,"column":2},"end":{"line":5,"column":10}},"loc":{"start":{"line":5,"column":10},"end":{"line":7,"column":3}}}},"branchMap":{},"s":{"0":0,"1":0,"2":0,"3":0,"4":0},"f":{"0":0},"b":{}}
,"/Users/yogipatel/Documents/BAPS Projects/verify-backend/src/common/exceptions/custom-exceptions.ts": {"path":"/Users/yogipatel/Documents/BAPS Projects/verify-backend/src/common/exceptions/custom-exceptions.ts","statementMap":{"0":{"start":{"line":1,"column":0},"end":{"line":1,"column":59}},"1":{"start":{"line":5,"column":4},"end":{"line":12,"column":6}},"2":{"start":{"line":3,"column":0},"end":{"line":3,"column":13}},"3":{"start":{"line":18,"column":4},"end":{"line":25,"column":6}},"4":{"start":{"line":16,"column":0},"end":{"line":16,"column":13}},"5":{"start":{"line":31,"column":4},"end":{"line":38,"column":6}},"6":{"start":{"line":29,"column":0},"end":{"line":29,"column":13}},"7":{"start":{"line":44,"column":4},"end":{"line":51,"column":6}},"8":{"start":{"line":42,"column":0},"end":{"line":42,"column":13}},"9":{"start":{"line":57,"column":4},"end":{"line":64,"column":6}},"10":{"start":{"line":55,"column":0},"end":{"line":55,"column":13}},"11":{"start":{"line":70,"column":4},"end":{"line":77,"column":6}},"12":{"start":{"line":68,"column":0},"end":{"line":68,"column":13}},"13":{"start":{"line":83,"column":4},"end":{"line":90,"column":6}},"14":{"start":{"line":81,"column":0},"end":{"line":81,"column":13}},"15":{"start":{"line":96,"column":4},"end":{"line":103,"column":6}},"16":{"start":{"line":94,"column":0},"end":{"line":94,"column":13}},"17":{"start":{"line":109,"column":4},"end":{"line":116,"column":6}},"18":{"start":{"line":107,"column":0},"end":{"line":107,"column":13}},"19":{"start":{"line":122,"column":4},"end":{"line":129,"column":6}},"20":{"start":{"line":120,"column":0},"end":{"line":120,"column":13}},"21":{"start":{"line":135,"column":4},"end":{"line":142,"column":6}},"22":{"start":{"line":133,"column":0},"end":{"line":133,"column":13}},"23":{"start":{"line":148,"column":4},"end":{"line":155,"column":6}},"24":{"start":{"line":146,"column":0},"end":{"line":146,"column":13}},"25":{"start":{"line":161,"column":4},"end":{"line":168,"column":6}},"26":{"start":{"line":159,"column":0},"end":{"line":159,"column":13}},"27":{"start":{"line":174,"column":4},"end":{"line":181,"column":6}},"28":{"start":{"line":172,"column":0},"end":{"line":172,"column":13}}},"fnMap":{"0":{"name":"(anonymous_0)","decl":{"start":{"line":4,"column":2},"end":{"line":4,"column":14}},"loc":{"start":{"line":4,"column":35},"end":{"line":13,"column":3}}},"1":{"name":"(anonymous_1)","decl":{"start":{"line":17,"column":2},"end":{"line":17,"column":14}},"loc":{"start":{"line":17,"column":56},"end":{"line":26,"column":3}}},"2":{"name":"(anonymous_2)","decl":{"start":{"line":30,"column":2},"end":{"line":30,"column":14}},"loc":{"start":{"line":30,"column":31},"end":{"line":39,"column":3}}},"3":{"name":"(anonymous_3)","decl":{"start":{"line":43,"column":2},"end":{"line":43,"column":14}},"loc":{"start":{"line":43,"column":56},"end":{"line":52,"column":3}}},"4":{"name":"(anonymous_4)","decl":{"start":{"line":56,"column":2},"end":{"line":56,"column":14}},"loc":{"start":{"line":56,"column":55},"end":{"line":65,"column":3}}},"5":{"name":"(anonymous_5)","decl":{"start":{"line":69,"column":2},"end":{"line":69,"column":14}},"loc":{"start":{"line":69,"column":31},"end":{"line":78,"column":3}}},"6":{"name":"(anonymous_6)","decl":{"start":{"line":82,"column":2},"end":{"line":82,"column":14}},"loc":{"start":{"line":82,"column":31},"end":{"line":91,"column":3}}},"7":{"name":"(anonymous_7)","decl":{"start":{"line":95,"column":2},"end":{"line":95,"column":14}},"loc":{"start":{"line":95,"column":31},"end":{"line":104,"column":3}}},"8":{"name":"(anonymous_8)","decl":{"start":{"line":108,"column":2},"end":{"line":108,"column":14}},"loc":{"start":{"line":108,"column":31},"end":{"line":117,"column":3}}},"9":{"name":"(anonymous_9)","decl":{"start":{"line":121,"column":2},"end":{"line":121,"column":14}},"loc":{"start":{"line":121,"column":31},"end":{"line":130,"column":3}}},"10":{"name":"(anonymous_10)","decl":{"start":{"line":134,"column":2},"end":{"line":134,"column":14}},"loc":{"start":{"line":134,"column":35},"end":{"line":143,"column":3}}},"11":{"name":"(anonymous_11)","decl":{"start":{"line":147,"column":2},"end":{"line":147,"column":14}},"loc":{"start":{"line":147,"column":35},"end":{"line":156,"column":3}}},"12":{"name":"(anonymous_12)","decl":{"start":{"line":160,"column":2},"end":{"line":160,"column":null}},"loc":{"start":{"line":160,"column":2},"end":{"line":169,"column":3}}},"13":{"name":"(anonymous_13)","decl":{"start":{"line":173,"column":2},"end":{"line":173,"column":14}},"loc":{"start":{"line":173,"column":29},"end":{"line":182,"column":3}}}},"branchMap":{},"s":{"0":2,"1":0,"2":2,"3":0,"4":2,"5":0,"6":2,"7":0,"8":2,"9":0,"10":2,"11":0,"12":2,"13":0,"14":2,"15":0,"16":2,"17":0,"18":2,"19":0,"20":2,"21":0,"22":2,"23":0,"24":2,"25":0,"26":2,"27":0,"28":2},"f":{"0":0,"1":0,"2":0,"3":0,"4":0,"5":0,"6":0,"7":0,"8":0,"9":0,"10":0,"11":0,"12":0,"13":0},"b":{}}
,"/Users/yogipatel/Documents/BAPS Projects/verify-backend/src/common/logger/logger.service.ts": {"path":"/Users/yogipatel/Documents/BAPS Projects/verify-backend/src/common/logger/logger.service.ts","statementMap":{"0":{"start":{"line":1,"column":0},"end":{"line":1,"column":80}},"1":{"start":{"line":2,"column":0},"end":{"line":2,"column":47}},"2":{"start":{"line":3,"column":0},"end":{"line":3,"column":35}},"3":{"start":{"line":4,"column":0},"end":{"line":4,"column":61}},"4":{"start":{"line":7,"column":7},"end":{"line":126,"column":null}},"5":{"start":{"line":10,"column":22},"end":{"line":10,"column":37}},"6":{"start":{"line":11,"column":4},"end":{"line":11,"column":28}},"7":{"start":{"line":15,"column":21},"end":{"line":15,"column":72}},"8":{"start":{"line":16,"column":21},"end":{"line":16,"column":74}},"9":{"start":{"line":17,"column":20},"end":{"line":17,"column":72}},"10":{"start":{"line":20,"column":44},"end":{"line":33,"column":6}},"11":{"start":{"line":28,"column":14},"end":{"line":28,"column":98}},"12":{"start":{"line":36,"column":4},"end":{"line":60,"column":5}},"13":{"start":{"line":37,"column":6},"end":{"line":59,"column":8}},"14":{"start":{"line":62,"column":4},"end":{"line":70,"column":7}},"15":{"start":{"line":74,"column":4},"end":{"line":74,"column":43}},"16":{"start":{"line":78,"column":4},"end":{"line":78,"column":51}},"17":{"start":{"line":82,"column":4},"end":{"line":82,"column":43}},"18":{"start":{"line":86,"column":4},"end":{"line":86,"column":44}},"19":{"start":{"line":90,"column":4},"end":{"line":90,"column":46}},"20":{"start":{"line":100,"column":4},"end":{"line":103,"column":6}},"21":{"start":{"line":112,"column":4},"end":{"line":115,"column":6}},"22":{"start":{"line":119,"column":4},"end":{"line":119,"column":53}},"23":{"start":{"line":120,"column":4},"end":{"line":120,"column":50}},"24":{"start":{"line":124,"column":4},"end":{"line":124,"column":72}},"25":{"start":{"line":7,"column":13},"end":{"line":7,"column":26}},"26":{"start":{"line":7,"column":13},"end":{"line":126,"column":null}}},"fnMap":{"0":{"name":"(anonymous_2)","decl":{"start":{"line":10,"column":2},"end":{"line":10,"column":22}},"loc":{"start":{"line":10,"column":50},"end":{"line":12,"column":3}}},"1":{"name":"(anonymous_3)","decl":{"start":{"line":14,"column":10},"end":{"line":14,"column":26}},"loc":{"start":{"line":14,"column":26},"end":{"line":71,"column":3}}},"2":{"name":"(anonymous_4)","decl":{"start":{"line":27,"column":12},"end":{"line":27,"column":13}},"loc":{"start":{"line":27,"column":62},"end":{"line":29,"column":13}}},"3":{"name":"(anonymous_5)","decl":{"start":{"line":73,"column":2},"end":{"line":73,"column":5}},"loc":{"start":{"line":73,"column":39},"end":{"line":75,"column":3}}},"4":{"name":"(anonymous_6)","decl":{"start":{"line":77,"column":2},"end":{"line":77,"column":7}},"loc":{"start":{"line":77,"column":57},"end":{"line":79,"column":3}}},"5":{"name":"(anonymous_7)","decl":{"start":{"line":81,"column":2},"end":{"line":81,"column":6}},"loc":{"start":{"line":81,"column":40},"end":{"line":83,"column":3}}},"6":{"name":"(anonymous_8)","decl":{"start":{"line":85,"column":2},"end":{"line":85,"column":7}},"loc":{"start":{"line":85,"column":41},"end":{"line":87,"column":3}}},"7":{"name":"(anonymous_9)","decl":{"start":{"line":89,"column":2},"end":{"line":89,"column":9}},"loc":{"start":{"line":89,"column":43},"end":{"line":91,"column":3}}},"8":{"name":"(anonymous_10)","decl":{"start":{"line":94,"column":2},"end":{"line":94,"column":12}},"loc":{"start":{"line":98,"column":22},"end":{"line":104,"column":3}}},"9":{"name":"(anonymous_11)","decl":{"start":{"line":106,"column":2},"end":{"line":106,"column":13}},"loc":{"start":{"line":110,"column":24},"end":{"line":116,"column":3}}},"10":{"name":"(anonymous_12)","decl":{"start":{"line":118,"column":2},"end":{"line":118,"column":13}},"loc":{"start":{"line":118,"column":57},"end":{"line":121,"column":3}}},"11":{"name":"(anonymous_13)","decl":{"start":{"line":123,"column":2},"end":{"line":123,"column":13}},"loc":{"start":{"line":123,"column":64},"end":{"line":125,"column":3}}}},"branchMap":{"0":{"loc":{"start":{"line":28,"column":70},"end":{"line":28,"column":95}},"type":"cond-expr","locations":[{"start":{"line":28,"column":78},"end":{"line":28,"column":90}},{"start":{"line":28,"column":93},"end":{"line":28,"column":95}}]},"1":{"loc":{"start":{"line":36,"column":4},"end":{"line":60,"column":5}},"type":"if","locations":[{"start":{"line":36,"column":4},"end":{"line":60,"column":5}}]},"2":{"loc":{"start":{"line":101,"column":42},"end":{"line":101,"column":80}},"type":"cond-expr","locations":[{"start":{"line":101,"column":54},"end":{"line":101,"column":75}},{"start":{"line":101,"column":78},"end":{"line":101,"column":80}}]}},"s":{"0":2,"1":2,"2":2,"3":2,"4":2,"5":0,"6":0,"7":0,"8":0,"9":0,"10":0,"11":0,"12":0,"13":0,"14":0,"15":0,"16":0,"17":0,"18":0,"19":0,"20":0,"21":0,"22":0,"23":0,"24":0,"25":2,"26":2},"f":{"0":0,"1":0,"2":0,"3":0,"4":0,"5":0,"6":0,"7":0,"8":0,"9":0,"10":0,"11":0},"b":{"0":[0,0],"1":[0],"2":[0,0]}}
,"/Users/yogipatel/Documents/BAPS Projects/verify-backend/src/common/types/express.d.ts": {"path":"/Users/yogipatel/Documents/BAPS Projects/verify-backend/src/common/types/express.d.ts","statementMap":{},"fnMap":{},"branchMap":{},"s":{},"f":{},"b":{}}
,"/Users/yogipatel/Documents/BAPS Projects/verify-backend/src/config/app.config.ts": {"path":"/Users/yogipatel/Documents/BAPS Projects/verify-backend/src/config/app.config.ts","statementMap":{"0":{"start":{"line":1,"column":0},"end":{"line":1,"column":44}},"1":{"start":{"line":2,"column":0},"end":{"line":2,"column":27}},"2":{"start":{"line":30,"column":13},"end":{"line":62,"column":2}},"3":{"start":{"line":32,"column":20},"end":{"line":61,"column":4}},"4":{"start":{"line":64,"column":13},"end":{"line":83,"column":3}}},"fnMap":{"0":{"name":"(anonymous_0)","decl":{"start":{"line":32,"column":2},"end":{"line":32,"column":16}},"loc":{"start":{"line":32,"column":20},"end":{"line":61,"column":4}}}},"branchMap":{"0":{"loc":{"start":{"line":33,"column":19},"end":{"line":33,"column":45}},"type":"binary-expr","locations":[{"start":{"line":33,"column":19},"end":{"line":33,"column":35}},{"start":{"line":33,"column":39},"end":{"line":33,"column":45}}]},"1":{"loc":{"start":{"line":34,"column":13},"end":{"line":34,"column":50}},"type":"binary-expr","locations":[{"start":{"line":34,"column":13},"end":{"line":34,"column":33}},{"start":{"line":34,"column":37},"end":{"line":34,"column":50}}]},"2":{"loc":{"start":{"line":35,"column":15},"end":{"line":35,"column":49}},"type":"binary-expr","locations":[{"start":{"line":35,"column":15},"end":{"line":35,"column":37}},{"start":{"line":35,"column":41},"end":{"line":35,"column":49}}]},"3":{"loc":{"start":{"line":37,"column":14},"end":{"line":39,"column":35}},"type":"cond-expr","locations":[{"start":{"line":38,"column":10},"end":{"line":38,"column":44}},{"start":{"line":39,"column":10},"end":{"line":39,"column":35}}]},"4":{"loc":{"start":{"line":43,"column":25},"end":{"line":43,"column":69}},"type":"binary-expr","locations":[{"start":{"line":43,"column":25},"end":{"line":43,"column":57}},{"start":{"line":43,"column":61},"end":{"line":43,"column":69}}]},"5":{"loc":{"start":{"line":44,"column":20},"end":{"line":44,"column":55}},"type":"binary-expr","locations":[{"start":{"line":44,"column":20},"end":{"line":44,"column":46}},{"start":{"line":44,"column":50},"end":{"line":44,"column":55}}]},"6":{"loc":{"start":{"line":48,"column":29},"end":{"line":48,"column":62}},"type":"binary-expr","locations":[{"start":{"line":48,"column":29},"end":{"line":48,"column":54}},{"start":{"line":48,"column":58},"end":{"line":48,"column":62}}]},"7":{"loc":{"start":{"line":50,"column":8},"end":{"line":51,"column":56}},"type":"binary-expr","locations":[{"start":{"line":50,"column":8},"end":{"line":50,"column":30}},{"start":{"line":51,"column":8},"end":{"line":51,"column":56}}]},"8":{"loc":{"start":{"line":52,"column":20},"end":{"line":52,"column":54}},"type":"binary-expr","locations":[{"start":{"line":52,"column":20},"end":{"line":52,"column":46}},{"start":{"line":52,"column":50},"end":{"line":52,"column":54}}]},"9":{"loc":{"start":{"line":54,"column":8},"end":{"line":54,"column":72}},"type":"binary-expr","locations":[{"start":{"line":54,"column":8},"end":{"line":54,"column":34}},{"start":{"line":54,"column":38},"end":{"line":54,"column":72}}]},"10":{"loc":{"start":{"line":57,"column":13},"end":{"line":57,"column":44}},"type":"binary-expr","locations":[{"start":{"line":57,"column":13},"end":{"line":57,"column":34}},{"start":{"line":57,"column":38},"end":{"line":57,"column":44}}]},"11":{"loc":{"start":{"line":58,"column":16},"end":{"line":58,"column":50}},"type":"binary-expr","locations":[{"start":{"line":58,"column":16},"end":{"line":58,"column":41}},{"start":{"line":58,"column":45},"end":{"line":58,"column":50}}]},"12":{"loc":{"start":{"line":59,"column":15},"end":{"line":59,"column":48}},"type":"binary-expr","locations":[{"start":{"line":59,"column":15},"end":{"line":59,"column":39}},{"start":{"line":59,"column":43},"end":{"line":59,"column":48}}]}},"s":{"0":0,"1":0,"2":0,"3":0,"4":0},"f":{"0":0},"b":{"0":[0,0],"1":[0,0],"2":[0,0],"3":[0,0],"4":[0,0],"5":[0,0],"6":[0,0],"7":[0,0],"8":[0,0],"9":[0,0],"10":[0,0],"11":[0,0],"12":[0,0]}}
,"/Users/yogipatel/Documents/BAPS Projects/verify-backend/src/config/database.config.ts": {"path":"/Users/yogipatel/Documents/BAPS Projects/verify-backend/src/config/database.config.ts","statementMap":{"0":{"start":{"line":1,"column":0},"end":{"line":1,"column":44}},"1":{"start":{"line":3,"column":0},"end":{"line":3,"column":27}},"2":{"start":{"line":21,"column":13},"end":{"line":44,"column":2}},"3":{"start":{"line":23,"column":25},"end":{"line":43,"column":4}},"4":{"start":{"line":46,"column":33},"end":{"line":68,"column":1}},"5":{"start":{"line":47,"column":17},"end":{"line":47,"column":33}},"6":{"start":{"line":49,"column":2},"end":{"line":67,"column":4}},"7":{"start":{"line":46,"column":13},"end":{"line":46,"column":33}},"8":{"start":{"line":70,"column":13},"end":{"line":81,"column":3}}},"fnMap":{"0":{"name":"(anonymous_0)","decl":{"start":{"line":23,"column":2},"end":{"line":23,"column":21}},"loc":{"start":{"line":23,"column":25},"end":{"line":43,"column":4}}},"1":{"name":"(anonymous_1)","decl":{"start":{"line":46,"column":33},"end":{"line":46,"column":58}},"loc":{"start":{"line":46,"column":60},"end":{"line":68,"column":1}}}},"branchMap":{"0":{"loc":{"start":{"line":24,"column":10},"end":{"line":24,"column":44}},"type":"binary-expr","locations":[{"start":{"line":24,"column":10},"end":{"line":24,"column":29}},{"start":{"line":24,"column":33},"end":{"line":24,"column":44}}]},"1":{"loc":{"start":{"line":25,"column":19},"end":{"line":25,"column":48}},"type":"binary-expr","locations":[{"start":{"line":25,"column":19},"end":{"line":25,"column":38}},{"start":{"line":25,"column":42},"end":{"line":25,"column":48}}]},"2":{"loc":{"start":{"line":26,"column":14},"end":{"line":26,"column":51}},"type":"binary-expr","locations":[{"start":{"line":26,"column":14},"end":{"line":26,"column":37}},{"start":{"line":26,"column":41},"end":{"line":26,"column":51}}]},"3":{"loc":{"start":{"line":27,"column":14},"end":{"line":27,"column":51}},"type":"binary-expr","locations":[{"start":{"line":27,"column":14},"end":{"line":27,"column":37}},{"start":{"line":27,"column":41},"end":{"line":27,"column":51}}]},"4":{"loc":{"start":{"line":28,"column":14},"end":{"line":28,"column":52}},"type":"binary-expr","locations":[{"start":{"line":28,"column":14},"end":{"line":28,"column":37}},{"start":{"line":28,"column":41},"end":{"line":28,"column":52}}]},"5":{"loc":{"start":{"line":32,"column":6},"end":{"line":34,"column":15}},"type":"cond-expr","locations":[{"start":{"line":33,"column":10},"end":{"line":33,"column":39}},{"start":{"line":34,"column":10},"end":{"line":34,"column":15}}]},"6":{"loc":{"start":{"line":35,"column":28},"end":{"line":35,"column":64}},"type":"binary-expr","locations":[{"start":{"line":35,"column":28},"end":{"line":35,"column":57}},{"start":{"line":35,"column":61},"end":{"line":35,"column":64}}]},"7":{"loc":{"start":{"line":36,"column":25},"end":{"line":36,"column":61}},"type":"binary-expr","locations":[{"start":{"line":36,"column":25},"end":{"line":36,"column":51}},{"start":{"line":36,"column":55},"end":{"line":36,"column":61}}]},"8":{"loc":{"start":{"line":37,"column":29},"end":{"line":37,"column":67}},"type":"binary-expr","locations":[{"start":{"line":37,"column":29},"end":{"line":37,"column":59}},{"start":{"line":37,"column":63},"end":{"line":37,"column":67}}]},"9":{"loc":{"start":{"line":38,"column":32},"end":{"line":38,"column":70}},"type":"binary-expr","locations":[{"start":{"line":38,"column":32},"end":{"line":38,"column":59}},{"start":{"line":38,"column":63},"end":{"line":38,"column":70}}]},"10":{"loc":{"start":{"line":40,"column":6},"end":{"line":40,"column":49}},"type":"binary-expr","locations":[{"start":{"line":40,"column":6},"end":{"line":40,"column":39}},{"start":{"line":40,"column":43},"end":{"line":40,"column":49}}]}},"s":{"0":0,"1":0,"2":0,"3":0,"4":0,"5":0,"6":0,"7":0,"8":0},"f":{"0":0,"1":0},"b":{"0":[0,0],"1":[0,0],"2":[0,0],"3":[0,0],"4":[0,0],"5":[0,0],"6":[0,0],"7":[0,0],"8":[0,0],"9":[0,0],"10":[0,0]}}
,"/Users/yogipatel/Documents/BAPS Projects/verify-backend/src/controllers/application.controller.ts": {"path":"/Users/yogipatel/Documents/BAPS Projects/verify-backend/src/controllers/application.controller.ts","statementMap":{"0":{"start":{"line":1,"column":0},"end":{"line":1,"column":null}},"1":{"start":{"line":13,"column":0},"end":{"line":13,"column":81}},"2":{"start":{"line":14,"column":0},"end":{"line":14,"column":70}},"3":{"start":{"line":15,"column":0},"end":{"line":15,"column":56}},"4":{"start":{"line":16,"column":0},"end":{"line":16,"column":93}},"5":{"start":{"line":17,"column":0},"end":{"line":17,"column":null}},"6":{"start":{"line":24,"column":7},"end":{"line":51,"column":null}},"7":{"start":{"line":26,"column":21},"end":{"line":26,"column":41}},"8":{"start":{"line":27,"column":21},"end":{"line":27,"column":41}},"9":{"start":{"line":36,"column":4},"end":{"line":36,"column":65}},"10":{"start":{"line":46,"column":4},"end":{"line":49,"column":6}},"11":{"start":{"line":24,"column":13},"end":{"line":24,"column":34}},"12":{"start":{"line":33,"column":8},"end":{"line":37,"column":null}},"13":{"start":{"line":42,"column":8},"end":{"line":50,"column":null}},"14":{"start":{"line":24,"column":13},"end":{"line":51,"column":null}}},"fnMap":{"0":{"name":"(anonymous_4)","decl":{"start":{"line":25,"column":2},"end":{"line":25,"column":null}},"loc":{"start":{"line":27,"column":59},"end":{"line":28,"column":6}}},"1":{"name":"(anonymous_5)","decl":{"start":{"line":33,"column":2},"end":{"line":33,"column":7}},"loc":{"start":{"line":34,"column":54},"end":{"line":37,"column":3}}},"2":{"name":"(anonymous_6)","decl":{"start":{"line":42,"column":2},"end":{"line":42,"column":7}},"loc":{"start":{"line":44,"column":61},"end":{"line":50,"column":3}}}},"branchMap":{},"s":{"0":0,"1":0,"2":0,"3":0,"4":0,"5":0,"6":0,"7":0,"8":0,"9":0,"10":0,"11":0,"12":0,"13":0,"14":0},"f":{"0":0,"1":0,"2":0},"b":{}}
,"/Users/yogipatel/Documents/BAPS Projects/verify-backend/src/controllers/resend-verification.controller.ts": {"path":"/Users/yogipatel/Documents/BAPS Projects/verify-backend/src/controllers/resend-verification.controller.ts","statementMap":{"0":{"start":{"line":1,"column":0},"end":{"line":1,"column":74}},"1":{"start":{"line":2,"column":0},"end":{"line":2,"column":null}},"2":{"start":{"line":9,"column":0},"end":{"line":9,"column":84}},"3":{"start":{"line":10,"column":0},"end":{"line":10,"column":null}},"4":{"start":{"line":15,"column":0},"end":{"line":15,"column":56}},"5":{"start":{"line":16,"column":0},"end":{"line":16,"column":93}},"6":{"start":{"line":21,"column":7},"end":{"line":71,"column":null}},"7":{"start":{"line":23,"column":21},"end":{"line":23,"column":48}},"8":{"start":{"line":66,"column":4},"end":{"line":69,"column":6}},"9":{"start":{"line":21,"column":13},"end":{"line":21,"column":41}},"10":{"start":{"line":61,"column":8},"end":{"line":70,"column":null}},"11":{"start":{"line":21,"column":13},"end":{"line":71,"column":null}}},"fnMap":{"0":{"name":"(anonymous_4)","decl":{"start":{"line":22,"column":2},"end":{"line":22,"column":null}},"loc":{"start":{"line":23,"column":73},"end":{"line":24,"column":6}}},"1":{"name":"(anonymous_5)","decl":{"start":{"line":61,"column":2},"end":{"line":61,"column":7}},"loc":{"start":{"line":64,"column":54},"end":{"line":70,"column":3}}}},"branchMap":{},"s":{"0":0,"1":0,"2":0,"3":0,"4":0,"5":0,"6":0,"7":0,"8":0,"9":0,"10":0,"11":0},"f":{"0":0,"1":0},"b":{}}
,"/Users/yogipatel/Documents/BAPS Projects/verify-backend/src/controllers/service-addition.controller.ts": {"path":"/Users/yogipatel/Documents/BAPS Projects/verify-backend/src/controllers/service-addition.controller.ts","statementMap":{"0":{"start":{"line":1,"column":0},"end":{"line":1,"column":74}},"1":{"start":{"line":2,"column":0},"end":{"line":2,"column":null}},"2":{"start":{"line":9,"column":0},"end":{"line":9,"column":78}},"3":{"start":{"line":10,"column":0},"end":{"line":10,"column":null}},"4":{"start":{"line":14,"column":0},"end":{"line":14,"column":56}},"5":{"start":{"line":15,"column":0},"end":{"line":15,"column":93}},"6":{"start":{"line":20,"column":7},"end":{"line":46,"column":null}},"7":{"start":{"line":22,"column":21},"end":{"line":22,"column":45}},"8":{"start":{"line":44,"column":4},"end":{"line":44,"column":77}},"9":{"start":{"line":20,"column":13},"end":{"line":20,"column":38}},"10":{"start":{"line":39,"column":8},"end":{"line":45,"column":null}},"11":{"start":{"line":20,"column":13},"end":{"line":46,"column":null}}},"fnMap":{"0":{"name":"(anonymous_4)","decl":{"start":{"line":21,"column":2},"end":{"line":21,"column":null}},"loc":{"start":{"line":22,"column":67},"end":{"line":23,"column":6}}},"1":{"name":"(anonymous_5)","decl":{"start":{"line":39,"column":2},"end":{"line":39,"column":7}},"loc":{"start":{"line":42,"column":53},"end":{"line":45,"column":3}}}},"branchMap":{},"s":{"0":1,"1":1,"2":1,"3":1,"4":1,"5":1,"6":1,"7":10,"8":10,"9":1,"10":1,"11":1},"f":{"0":10,"1":10},"b":{}}
,"/Users/yogipatel/Documents/BAPS Projects/verify-backend/src/controllers/service-deletion.controller.ts": {"path":"/Users/yogipatel/Documents/BAPS Projects/verify-backend/src/controllers/service-deletion.controller.ts","statementMap":{"0":{"start":{"line":1,"column":0},"end":{"line":1,"column":70}},"1":{"start":{"line":2,"column":0},"end":{"line":2,"column":79}},"2":{"start":{"line":3,"column":0},"end":{"line":3,"column":78}},"3":{"start":{"line":4,"column":0},"end":{"line":4,"column":null}},"4":{"start":{"line":8,"column":0},"end":{"line":8,"column":56}},"5":{"start":{"line":9,"column":0},"end":{"line":9,"column":93}},"6":{"start":{"line":10,"column":0},"end":{"line":10,"column":60}},"7":{"start":{"line":15,"column":7},"end":{"line":64,"column":null}},"8":{"start":{"line":17,"column":21},"end":{"line":17,"column":45}},"9":{"start":{"line":59,"column":4},"end":{"line":62,"column":6}},"10":{"start":{"line":15,"column":13},"end":{"line":15,"column":38}},"11":{"start":{"line":54,"column":8},"end":{"line":63,"column":null}},"12":{"start":{"line":15,"column":13},"end":{"line":64,"column":null}}},"fnMap":{"0":{"name":"(anonymous_4)","decl":{"start":{"line":16,"column":2},"end":{"line":16,"column":null}},"loc":{"start":{"line":17,"column":67},"end":{"line":18,"column":6}}},"1":{"name":"(anonymous_5)","decl":{"start":{"line":54,"column":2},"end":{"line":54,"column":7}},"loc":{"start":{"line":57,"column":53},"end":{"line":63,"column":3}}}},"branchMap":{},"s":{"0":0,"1":0,"2":0,"3":0,"4":0,"5":0,"6":0,"7":0,"8":0,"9":0,"10":0,"11":0,"12":0},"f":{"0":0,"1":0},"b":{}}
,"/Users/yogipatel/Documents/BAPS Projects/verify-backend/src/controllers/service-update.controller.ts": {"path":"/Users/yogipatel/Documents/BAPS Projects/verify-backend/src/controllers/service-update.controller.ts","statementMap":{"0":{"start":{"line":1,"column":0},"end":{"line":1,"column":73}},"1":{"start":{"line":2,"column":0},"end":{"line":2,"column":null}},"2":{"start":{"line":9,"column":0},"end":{"line":9,"column":74}},"3":{"start":{"line":10,"column":0},"end":{"line":10,"column":null}},"4":{"start":{"line":14,"column":0},"end":{"line":14,"column":56}},"5":{"start":{"line":15,"column":0},"end":{"line":15,"column":93}},"6":{"start":{"line":16,"column":0},"end":{"line":16,"column":60}},"7":{"start":{"line":21,"column":7},"end":{"line":57,"column":null}},"8":{"start":{"line":22,"column":31},"end":{"line":22,"column":53}},"9":{"start":{"line":51,"column":4},"end":{"line":55,"column":6}},"10":{"start":{"line":21,"column":13},"end":{"line":21,"column":36}},"11":{"start":{"line":45,"column":8},"end":{"line":56,"column":null}},"12":{"start":{"line":21,"column":13},"end":{"line":57,"column":null}}},"fnMap":{"0":{"name":"(anonymous_4)","decl":{"start":{"line":22,"column":2},"end":{"line":22,"column":31}},"loc":{"start":{"line":22,"column":73},"end":{"line":22,"column":77}}},"1":{"name":"(anonymous_5)","decl":{"start":{"line":45,"column":2},"end":{"line":45,"column":7}},"loc":{"start":{"line":49,"column":53},"end":{"line":56,"column":3}}}},"branchMap":{},"s":{"0":0,"1":0,"2":0,"3":0,"4":0,"5":0,"6":0,"7":0,"8":0,"9":0,"10":0,"11":0,"12":0},"f":{"0":0,"1":0},"b":{}}
,"/Users/yogipatel/Documents/BAPS Projects/verify-backend/src/controllers/verification-generation.controller.ts": {"path":"/Users/yogipatel/Documents/BAPS Projects/verify-backend/src/controllers/verification-generation.controller.ts","statementMap":{"0":{"start":{"line":1,"column":0},"end":{"line":1,"column":74}},"1":{"start":{"line":2,"column":0},"end":{"line":2,"column":null}},"2":{"start":{"line":9,"column":0},"end":{"line":9,"column":92}},"3":{"start":{"line":10,"column":0},"end":{"line":10,"column":null}},"4":{"start":{"line":15,"column":0},"end":{"line":15,"column":56}},"5":{"start":{"line":16,"column":0},"end":{"line":16,"column":93}},"6":{"start":{"line":21,"column":7},"end":{"line":70,"column":null}},"7":{"start":{"line":23,"column":21},"end":{"line":23,"column":52}},"8":{"start":{"line":65,"column":4},"end":{"line":68,"column":6}},"9":{"start":{"line":21,"column":13},"end":{"line":21,"column":45}},"10":{"start":{"line":60,"column":8},"end":{"line":69,"column":null}},"11":{"start":{"line":21,"column":13},"end":{"line":70,"column":null}}},"fnMap":{"0":{"name":"(anonymous_4)","decl":{"start":{"line":22,"column":2},"end":{"line":22,"column":null}},"loc":{"start":{"line":23,"column":81},"end":{"line":24,"column":6}}},"1":{"name":"(anonymous_5)","decl":{"start":{"line":60,"column":2},"end":{"line":60,"column":7}},"loc":{"start":{"line":63,"column":54},"end":{"line":69,"column":3}}}},"branchMap":{},"s":{"0":1,"1":1,"2":1,"3":1,"4":1,"5":1,"6":1,"7":14,"8":18,"9":1,"10":1,"11":1},"f":{"0":14,"1":18},"b":{}}
,"/Users/yogipatel/Documents/BAPS Projects/verify-backend/src/controllers/verification.controller.ts": {"path":"/Users/yogipatel/Documents/BAPS Projects/verify-backend/src/controllers/verification.controller.ts","statementMap":{"0":{"start":{"line":1,"column":0},"end":{"line":1,"column":74}},"1":{"start":{"line":2,"column":0},"end":{"line":2,"column":null}},"2":{"start":{"line":9,"column":0},"end":{"line":9,"column":71}},"3":{"start":{"line":10,"column":0},"end":{"line":10,"column":null}},"4":{"start":{"line":15,"column":0},"end":{"line":15,"column":56}},"5":{"start":{"line":16,"column":0},"end":{"line":16,"column":93}},"6":{"start":{"line":21,"column":7},"end":{"line":68,"column":null}},"7":{"start":{"line":22,"column":31},"end":{"line":22,"column":52}},"8":{"start":{"line":66,"column":4},"end":{"line":66,"column":75}},"9":{"start":{"line":21,"column":13},"end":{"line":21,"column":35}},"10":{"start":{"line":61,"column":8},"end":{"line":67,"column":null}},"11":{"start":{"line":21,"column":13},"end":{"line":68,"column":null}}},"fnMap":{"0":{"name":"(anonymous_4)","decl":{"start":{"line":22,"column":2},"end":{"line":22,"column":31}},"loc":{"start":{"line":22,"column":71},"end":{"line":22,"column":75}}},"1":{"name":"(anonymous_5)","decl":{"start":{"line":61,"column":2},"end":{"line":61,"column":7}},"loc":{"start":{"line":64,"column":54},"end":{"line":67,"column":3}}}},"branchMap":{},"s":{"0":0,"1":0,"2":0,"3":0,"4":0,"5":0,"6":0,"7":0,"8":0,"9":0,"10":0,"11":0},"f":{"0":0,"1":0},"b":{}}
,"/Users/yogipatel/Documents/BAPS Projects/verify-backend/src/seeders/database.seeder.ts": {"path":"/Users/yogipatel/Documents/BAPS Projects/verify-backend/src/seeders/database.seeder.ts","statementMap":{"0":{"start":{"line":1,"column":0},"end":{"line":1,"column":44}},"1":{"start":{"line":2,"column":0},"end":{"line":2,"column":51}},"2":{"start":{"line":3,"column":0},"end":{"line":3,"column":37}},"3":{"start":{"line":4,"column":0},"end":{"line":4,"column":null}},"4":{"start":{"line":11,"column":7},"end":{"line":85,"column":null}},"5":{"start":{"line":14,"column":12},"end":{"line":14,"column":35}},"6":{"start":{"line":16,"column":12},"end":{"line":16,"column":31}},"7":{"start":{"line":21,"column":24},"end":{"line":27,"column":6}},"8":{"start":{"line":29,"column":29},"end":{"line":29,"column":79}},"9":{"start":{"line":32,"column":21},"end":{"line":75,"column":6}},"10":{"start":{"line":77,"column":4},"end":{"line":80,"column":5}},"11":{"start":{"line":78,"column":22},"end":{"line":78,"column":64}},"12":{"start":{"line":79,"column":6},"end":{"line":79,"column":49}},"13":{"start":{"line":82,"column":4},"end":{"line":82,"column":49}},"14":{"start":{"line":83,"column":4},"end":{"line":83,"column":55}},"15":{"start":{"line":11,"column":13},"end":{"line":11,"column":27}},"16":{"start":{"line":11,"column":13},"end":{"line":85,"column":null}}},"fnMap":{"0":{"name":"(anonymous_4)","decl":{"start":{"line":12,"column":2},"end":{"line":12,"column":null}},"loc":{"start":{"line":16,"column":61},"end":{"line":17,"column":6}}},"1":{"name":"(anonymous_5)","decl":{"start":{"line":19,"column":2},"end":{"line":19,"column":7}},"loc":{"start":{"line":19,"column":12},"end":{"line":84,"column":3}}}},"branchMap":{},"s":{"0":0,"1":0,"2":0,"3":0,"4":0,"5":0,"6":0,"7":0,"8":0,"9":0,"10":0,"11":0,"12":0,"13":0,"14":0,"15":0,"16":0},"f":{"0":0,"1":0},"b":{}}
,"/Users/yogipatel/Documents/BAPS Projects/verify-backend/src/services/application-query.service.ts": {"path":"/Users/yogipatel/Documents/BAPS Projects/verify-backend/src/services/application-query.service.ts","statementMap":{"0":{"start":{"line":1,"column":0},"end":{"line":1,"column":63}},"1":{"start":{"line":2,"column":0},"end":{"line":2,"column":51}},"2":{"start":{"line":3,"column":0},"end":{"line":3,"column":37}},"3":{"start":{"line":4,"column":0},"end":{"line":4,"column":52}},"4":{"start":{"line":5,"column":0},"end":{"line":5,"column":57}},"5":{"start":{"line":8,"column":7},"end":{"line":101,"column":null}},"6":{"start":{"line":11,"column":12},"end":{"line":11,"column":35}},"7":{"start":{"line":12,"column":12},"end":{"line":12,"column":31}},"8":{"start":{"line":19,"column":24},"end":{"line":21,"column":6}},"9":{"start":{"line":23,"column":4},"end":{"line":25,"column":5}},"10":{"start":{"line":24,"column":6},"end":{"line":24,"column":59}},"11":{"start":{"line":28,"column":28},"end":{"line":29,"column":null}},"12":{"start":{"line":31,"column":31},"end":{"line":32,"column":null}},"13":{"start":{"line":35,"column":4},"end":{"line":39,"column":6}},"14":{"start":{"line":46,"column":24},"end":{"line":48,"column":6}},"15":{"start":{"line":50,"column":4},"end":{"line":52,"column":5}},"16":{"start":{"line":51,"column":6},"end":{"line":51,"column":59}},"17":{"start":{"line":55,"column":28},"end":{"line":56,"column":null}},"18":{"start":{"line":58,"column":31},"end":{"line":59,"column":null}},"19":{"start":{"line":62,"column":4},"end":{"line":66,"column":6}},"20":{"start":{"line":74,"column":25},"end":{"line":76,"column":6}},"21":{"start":{"line":78,"column":4},"end":{"line":97,"column":5}},"22":{"start":{"line":79,"column":6},"end":{"line":96,"column":7}},"23":{"start":{"line":80,"column":32},"end":{"line":81,"column":null}},"24":{"start":{"line":83,"column":8},"end":{"line":92,"column":9}},"25":{"start":{"line":84,"column":37},"end":{"line":85,"column":null}},"26":{"start":{"line":87,"column":10},"end":{"line":91,"column":12}},"27":{"start":{"line":95,"column":8},"end":{"line":95,"column":17}},"28":{"start":{"line":99,"column":4},"end":{"line":99,"column":57}},"29":{"start":{"line":8,"column":13},"end":{"line":8,"column":36}},"30":{"start":{"line":8,"column":13},"end":{"line":101,"column":null}}},"fnMap":{"0":{"name":"(anonymous_4)","decl":{"start":{"line":9,"column":2},"end":{"line":9,"column":null}},"loc":{"start":{"line":12,"column":48},"end":{"line":13,"column":6}}},"1":{"name":"(anonymous_5)","decl":{"start":{"line":18,"column":2},"end":{"line":18,"column":7}},"loc":{"start":{"line":18,"column":48},"end":{"line":40,"column":3}}},"2":{"name":"(anonymous_6)","decl":{"start":{"line":45,"column":2},"end":{"line":45,"column":7}},"loc":{"start":{"line":45,"column":52},"end":{"line":67,"column":3}}},"3":{"name":"(anonymous_7)","decl":{"start":{"line":72,"column":2},"end":{"line":72,"column":7}},"loc":{"start":{"line":72,"column":45},"end":{"line":100,"column":3}}}},"branchMap":{"0":{"loc":{"start":{"line":23,"column":4},"end":{"line":25,"column":5}},"type":"if","locations":[{"start":{"line":23,"column":4},"end":{"line":25,"column":5}}]},"1":{"loc":{"start":{"line":50,"column":4},"end":{"line":52,"column":5}},"type":"if","locations":[{"start":{"line":50,"column":4},"end":{"line":52,"column":5}}]},"2":{"loc":{"start":{"line":83,"column":8},"end":{"line":92,"column":9}},"type":"if","locations":[{"start":{"line":83,"column":8},"end":{"line":92,"column":9}}]}},"s":{"0":2,"1":2,"2":2,"3":2,"4":2,"5":2,"6":0,"7":0,"8":0,"9":0,"10":0,"11":0,"12":0,"13":0,"14":0,"15":0,"16":0,"17":0,"18":0,"19":0,"20":0,"21":0,"22":0,"23":0,"24":0,"25":0,"26":0,"27":0,"28":0,"29":2,"30":2},"f":{"0":0,"1":0,"2":0,"3":0},"b":{"0":[0],"1":[0],"2":[0]}}
,"/Users/yogipatel/Documents/BAPS Projects/verify-backend/src/services/application.service.ts": {"path":"/Users/yogipatel/Documents/BAPS Projects/verify-backend/src/services/application.service.ts","statementMap":{"0":{"start":{"line":1,"column":0},"end":{"line":1,"column":null}},"1":{"start":{"line":6,"column":0},"end":{"line":6,"column":51}},"2":{"start":{"line":7,"column":0},"end":{"line":7,"column":37}},"3":{"start":{"line":8,"column":0},"end":{"line":8,"column":72}},"4":{"start":{"line":15,"column":0},"end":{"line":15,"column":57}},"5":{"start":{"line":16,"column":0},"end":{"line":16,"column":57}},"6":{"start":{"line":19,"column":7},"end":{"line":154,"column":null}},"7":{"start":{"line":22,"column":12},"end":{"line":22,"column":35}},"8":{"start":{"line":24,"column":12},"end":{"line":24,"column":31}},"9":{"start":{"line":25,"column":12},"end":{"line":25,"column":31}},"10":{"start":{"line":31,"column":51},"end":{"line":31,"column":53}},"11":{"start":{"line":32,"column":51},"end":{"line":32,"column":53}},"12":{"start":{"line":34,"column":4},"end":{"line":137,"column":5}},"13":{"start":{"line":35,"column":6},"end":{"line":107,"column":7}},"14":{"start":{"line":37,"column":36},"end":{"line":39,"column":10}},"15":{"start":{"line":41,"column":8},"end":{"line":45,"column":9}},"16":{"start":{"line":42,"column":10},"end":{"line":44,"column":12}},"17":{"start":{"line":48,"column":23},"end":{"line":48,"column":53}},"18":{"start":{"line":49,"column":26},"end":{"line":49,"column":50}},"19":{"start":{"line":50,"column":29},"end":{"line":50,"column":79}},"20":{"start":{"line":53,"column":32},"end":{"line":53,"column":76}},"21":{"start":{"line":55,"column":10},"end":{"line":55,"column":60}},"22":{"start":{"line":58,"column":28},"end":{"line":64,"column":10}},"23":{"start":{"line":67,"column":10},"end":{"line":67,"column":60}},"24":{"start":{"line":70,"column":45},"end":{"line":70,"column":47}},"25":{"start":{"line":71,"column":8},"end":{"line":96,"column":9}},"26":{"start":{"line":73,"column":34},"end":{"line":78,"column":12}},"27":{"start":{"line":80,"column":10},"end":{"line":82,"column":11}},"28":{"start":{"line":81,"column":12},"end":{"line":81,"column":70}},"29":{"start":{"line":84,"column":26},"end":{"line":92,"column":12}},"30":{"start":{"line":94,"column":10},"end":{"line":94,"column":53}},"31":{"start":{"line":95,"column":10},"end":{"line":95,"column":59}},"32":{"start":{"line":99,"column":8},"end":{"line":106,"column":11}},"33":{"start":{"line":110,"column":6},"end":{"line":114,"column":9}},"34":{"start":{"line":116,"column":6},"end":{"line":119,"column":8}},"35":{"start":{"line":121,"column":6},"end":{"line":132,"column":7}},"36":{"start":{"line":122,"column":8},"end":{"line":131,"column":10}},"37":{"start":{"line":134,"column":6},"end":{"line":136,"column":8}},"38":{"start":{"line":141,"column":4},"end":{"line":144,"column":6}},"39":{"start":{"line":148,"column":4},"end":{"line":152,"column":6}},"40":{"start":{"line":19,"column":13},"end":{"line":19,"column":43}},"41":{"start":{"line":19,"column":13},"end":{"line":154,"column":null}}},"fnMap":{"0":{"name":"(anonymous_4)","decl":{"start":{"line":20,"column":2},"end":{"line":20,"column":null}},"loc":{"start":{"line":25,"column":48},"end":{"line":26,"column":6}}},"1":{"name":"(anonymous_5)","decl":{"start":{"line":28,"column":2},"end":{"line":28,"column":7}},"loc":{"start":{"line":29,"column":46},"end":{"line":138,"column":3}}},"2":{"name":"(anonymous_6)","decl":{"start":{"line":140,"column":10},"end":{"line":140,"column":24}},"loc":{"start":{"line":140,"column":24},"end":{"line":145,"column":3}}},"3":{"name":"(anonymous_7)","decl":{"start":{"line":147,"column":10},"end":{"line":147,"column":27}},"loc":{"start":{"line":147,"column":27},"end":{"line":153,"column":3}}}},"branchMap":{"0":{"loc":{"start":{"line":41,"column":8},"end":{"line":45,"column":9}},"type":"if","locations":[{"start":{"line":41,"column":8},"end":{"line":45,"column":9}}]},"1":{"loc":{"start":{"line":80,"column":10},"end":{"line":82,"column":11}},"type":"if","locations":[{"start":{"line":80,"column":10},"end":{"line":82,"column":11}}]},"2":{"loc":{"start":{"line":87,"column":37},"end":{"line":87,"column":78}},"type":"binary-expr","locations":[{"start":{"line":87,"column":37},"end":{"line":87,"column":70}},{"start":{"line":87,"column":74},"end":{"line":87,"column":78}}]},"3":{"loc":{"start":{"line":121,"column":6},"end":{"line":132,"column":7}},"type":"if","locations":[{"start":{"line":121,"column":6},"end":{"line":132,"column":7}}]}},"s":{"0":0,"1":0,"2":0,"3":0,"4":0,"5":0,"6":0,"7":0,"8":0,"9":0,"10":0,"11":0,"12":0,"13":0,"14":0,"15":0,"16":0,"17":0,"18":0,"19":0,"20":0,"21":0,"22":0,"23":0,"24":0,"25":0,"26":0,"27":0,"28":0,"29":0,"30":0,"31":0,"32":0,"33":0,"34":0,"35":0,"36":0,"37":0,"38":0,"39":0,"40":0,"41":0},"f":{"0":0,"1":0,"2":0,"3":0},"b":{"0":[0],"1":[0],"2":[0,0],"3":[0]}}
,"/Users/yogipatel/Documents/BAPS Projects/verify-backend/src/services/encryption.service.ts": {"path":"/Users/yogipatel/Documents/BAPS Projects/verify-backend/src/services/encryption.service.ts","statementMap":{"0":{"start":{"line":1,"column":0},"end":{"line":1,"column":44}},"1":{"start":{"line":2,"column":0},"end":{"line":2,"column":47}},"2":{"start":{"line":3,"column":0},"end":{"line":3,"column":38}},"3":{"start":{"line":6,"column":7},"end":{"line":68,"column":null}},"4":{"start":{"line":9,"column":22},"end":{"line":9,"column":37}},"5":{"start":{"line":11,"column":4},"end":{"line":14,"column":6}},"6":{"start":{"line":21,"column":4},"end":{"line":21,"column":27}},"7":{"start":{"line":21,"column":15},"end":{"line":21,"column":27}},"8":{"start":{"line":23,"column":22},"end":{"line":23,"column":79}},"9":{"start":{"line":24,"column":4},"end":{"line":24,"column":21}},"10":{"start":{"line":31,"column":4},"end":{"line":31,"column":45}},"11":{"start":{"line":31,"column":24},"end":{"line":31,"column":45}},"12":{"start":{"line":33,"column":4},"end":{"line":38,"column":5}},"13":{"start":{"line":34,"column":24},"end":{"line":34,"column":79}},"14":{"start":{"line":35,"column":6},"end":{"line":35,"column":51}},"15":{"start":{"line":37,"column":6},"end":{"line":37,"column":48}},"16":{"start":{"line":45,"column":4},"end":{"line":45,"column":32}},"17":{"start":{"line":52,"column":4},"end":{"line":52,"column":41}},"18":{"start":{"line":59,"column":4},"end":{"line":59,"column":35}},"19":{"start":{"line":66,"column":4},"end":{"line":66,"column":44}},"20":{"start":{"line":6,"column":13},"end":{"line":6,"column":30}},"21":{"start":{"line":6,"column":13},"end":{"line":68,"column":null}}},"fnMap":{"0":{"name":"(anonymous_2)","decl":{"start":{"line":9,"column":2},"end":{"line":9,"column":22}},"loc":{"start":{"line":9,"column":50},"end":{"line":15,"column":3}}},"1":{"name":"(anonymous_3)","decl":{"start":{"line":20,"column":2},"end":{"line":20,"column":9}},"loc":{"start":{"line":20,"column":22},"end":{"line":25,"column":3}}},"2":{"name":"(anonymous_4)","decl":{"start":{"line":30,"column":2},"end":{"line":30,"column":9}},"loc":{"start":{"line":30,"column":31},"end":{"line":39,"column":3}}},"3":{"name":"(anonymous_5)","decl":{"start":{"line":44,"column":2},"end":{"line":44,"column":15}},"loc":{"start":{"line":44,"column":30},"end":{"line":46,"column":3}}},"4":{"name":"(anonymous_6)","decl":{"start":{"line":51,"column":2},"end":{"line":51,"column":15}},"loc":{"start":{"line":51,"column":39},"end":{"line":53,"column":3}}},"5":{"name":"(anonymous_7)","decl":{"start":{"line":58,"column":2},"end":{"line":58,"column":18}},"loc":{"start":{"line":58,"column":36},"end":{"line":60,"column":3}}},"6":{"name":"(anonymous_8)","decl":{"start":{"line":65,"column":2},"end":{"line":65,"column":18}},"loc":{"start":{"line":65,"column":45},"end":{"line":67,"column":3}}}},"branchMap":{"0":{"loc":{"start":{"line":21,"column":4},"end":{"line":21,"column":27}},"type":"if","locations":[{"start":{"line":21,"column":4},"end":{"line":21,"column":27}}]},"1":{"loc":{"start":{"line":31,"column":4},"end":{"line":31,"column":45}},"type":"if","locations":[{"start":{"line":31,"column":4},"end":{"line":31,"column":45}}]}},"s":{"0":2,"1":2,"2":2,"3":2,"4":0,"5":0,"6":0,"7":0,"8":0,"9":0,"10":0,"11":0,"12":0,"13":0,"14":0,"15":0,"16":0,"17":0,"18":0,"19":0,"20":2,"21":2},"f":{"0":0,"1":0,"2":0,"3":0,"4":0,"5":0,"6":0},"b":{"0":[0],"1":[0]}}
,"/Users/yogipatel/Documents/BAPS Projects/verify-backend/src/services/key-rotation.service.ts": {"path":"/Users/yogipatel/Documents/BAPS Projects/verify-backend/src/services/key-rotation.service.ts","statementMap":{"0":{"start":{"line":1,"column":0},"end":{"line":1,"column":null}},"1":{"start":{"line":6,"column":0},"end":{"line":6,"column":51}},"2":{"start":{"line":7,"column":0},"end":{"line":7,"column":37}},"3":{"start":{"line":8,"column":0},"end":{"line":8,"column":52}},"4":{"start":{"line":9,"column":0},"end":{"line":9,"column":57}},"5":{"start":{"line":10,"column":0},"end":{"line":10,"column":57}},"6":{"start":{"line":20,"column":7},"end":{"line":114,"column":null}},"7":{"start":{"line":23,"column":12},"end":{"line":23,"column":35}},"8":{"start":{"line":24,"column":12},"end":{"line":24,"column":31}},"9":{"start":{"line":32,"column":4},"end":{"line":34,"column":5}},"10":{"start":{"line":33,"column":6},"end":{"line":33,"column":72}},"11":{"start":{"line":37,"column":24},"end":{"line":39,"column":6}},"12":{"start":{"line":41,"column":4},"end":{"line":43,"column":5}},"13":{"start":{"line":42,"column":6},"end":{"line":42,"column":59}},"14":{"start":{"line":46,"column":22},"end":{"line":46,"column":52}},"15":{"start":{"line":47,"column":25},"end":{"line":47,"column":49}},"16":{"start":{"line":48,"column":28},"end":{"line":48,"column":78}},"17":{"start":{"line":51,"column":28},"end":{"line":51,"column":75}},"18":{"start":{"line":53,"column":6},"end":{"line":53,"column":59}},"19":{"start":{"line":56,"column":4},"end":{"line":56,"column":42}},"20":{"start":{"line":57,"column":4},"end":{"line":57,"column":48}},"21":{"start":{"line":58,"column":4},"end":{"line":58,"column":66}},"22":{"start":{"line":59,"column":4},"end":{"line":59,"column":40}},"23":{"start":{"line":61,"column":4},"end":{"line":61,"column":55}},"24":{"start":{"line":64,"column":51},"end":{"line":72,"column":6}},"25":{"start":{"line":75,"column":48},"end":{"line":81,"column":6}},"26":{"start":{"line":84,"column":34},"end":{"line":91,"column":6}},"27":{"start":{"line":93,"column":4},"end":{"line":97,"column":6}},"28":{"start":{"line":101,"column":4},"end":{"line":104,"column":6}},"29":{"start":{"line":108,"column":4},"end":{"line":112,"column":6}},"30":{"start":{"line":20,"column":13},"end":{"line":20,"column":31}},"31":{"start":{"line":20,"column":13},"end":{"line":114,"column":null}}},"fnMap":{"0":{"name":"(anonymous_4)","decl":{"start":{"line":21,"column":2},"end":{"line":21,"column":null}},"loc":{"start":{"line":24,"column":48},"end":{"line":25,"column":6}}},"1":{"name":"(anonymous_5)","decl":{"start":{"line":27,"column":2},"end":{"line":27,"column":7}},"loc":{"start":{"line":29,"column":38},"end":{"line":98,"column":3}}},"2":{"name":"(anonymous_6)","decl":{"start":{"line":100,"column":10},"end":{"line":100,"column":24}},"loc":{"start":{"line":100,"column":24},"end":{"line":105,"column":3}}},"3":{"name":"(anonymous_7)","decl":{"start":{"line":107,"column":10},"end":{"line":107,"column":27}},"loc":{"start":{"line":107,"column":27},"end":{"line":113,"column":3}}}},"branchMap":{"0":{"loc":{"start":{"line":32,"column":4},"end":{"line":34,"column":5}},"type":"if","locations":[{"start":{"line":32,"column":4},"end":{"line":34,"column":5}}]},"1":{"loc":{"start":{"line":41,"column":4},"end":{"line":43,"column":5}},"type":"if","locations":[{"start":{"line":41,"column":4},"end":{"line":43,"column":5}}]}},"s":{"0":0,"1":0,"2":0,"3":0,"4":0,"5":0,"6":0,"7":0,"8":0,"9":0,"10":0,"11":0,"12":0,"13":0,"14":0,"15":0,"16":0,"17":0,"18":0,"19":0,"20":0,"21":0,"22":0,"23":0,"24":0,"25":0,"26":0,"27":0,"28":0,"29":0,"30":0,"31":0},"f":{"0":0,"1":0,"2":0,"3":0},"b":{"0":[0],"1":[0]}}
,"/Users/yogipatel/Documents/BAPS Projects/verify-backend/src/services/resend-verification.service.ts": {"path":"/Users/yogipatel/Documents/BAPS Projects/verify-backend/src/services/resend-verification.service.ts","statementMap":{"0":{"start":{"line":1,"column":0},"end":{"line":1,"column":null}},"1":{"start":{"line":7,"column":0},"end":{"line":7,"column":51}},"2":{"start":{"line":8,"column":0},"end":{"line":8,"column":37}},"3":{"start":{"line":9,"column":0},"end":{"line":9,"column":88}},"4":{"start":{"line":10,"column":0},"end":{"line":10,"column":82}},"5":{"start":{"line":11,"column":0},"end":{"line":11,"column":77}},"6":{"start":{"line":19,"column":0},"end":{"line":19,"column":57}},"7":{"start":{"line":20,"column":0},"end":{"line":20,"column":57}},"8":{"start":{"line":31,"column":7},"end":{"line":198,"column":null}},"9":{"start":{"line":34,"column":12},"end":{"line":34,"column":47}},"10":{"start":{"line":36,"column":12},"end":{"line":36,"column":45}},"11":{"start":{"line":38,"column":12},"end":{"line":38,"column":42}},"12":{"start":{"line":39,"column":12},"end":{"line":39,"column":31}},"13":{"start":{"line":47,"column":24},"end":{"line":49,"column":6}},"14":{"start":{"line":51,"column":4},"end":{"line":53,"column":5}},"15":{"start":{"line":52,"column":6},"end":{"line":52,"column":59}},"16":{"start":{"line":56,"column":4},"end":{"line":58,"column":5}},"17":{"start":{"line":57,"column":6},"end":{"line":57,"column":63}},"18":{"start":{"line":60,"column":58},"end":{"line":60,"column":60}},"19":{"start":{"line":63,"column":4},"end":{"line":140,"column":5}},"20":{"start":{"line":66,"column":8},"end":{"line":72,"column":10}},"21":{"start":{"line":74,"column":6},"end":{"line":78,"column":7}},"22":{"start":{"line":75,"column":8},"end":{"line":77,"column":10}},"23":{"start":{"line":81,"column":6},"end":{"line":85,"column":7}},"24":{"start":{"line":82,"column":8},"end":{"line":84,"column":10}},"25":{"start":{"line":88,"column":6},"end":{"line":92,"column":7}},"26":{"start":{"line":89,"column":8},"end":{"line":91,"column":10}},"27":{"start":{"line":95,"column":6},"end":{"line":101,"column":7}},"28":{"start":{"line":98,"column":8},"end":{"line":100,"column":10}},"29":{"start":{"line":104,"column":22},"end":{"line":109,"column":8}},"30":{"start":{"line":111,"column":6},"end":{"line":115,"column":7}},"31":{"start":{"line":112,"column":8},"end":{"line":114,"column":10}},"32":{"start":{"line":119,"column":8},"end":{"line":119,"column":57}},"33":{"start":{"line":120,"column":23},"end":{"line":120,"column":61}},"34":{"start":{"line":121,"column":28},"end":{"line":121,"column":72}},"35":{"start":{"line":124,"column":29},"end":{"line":124,"column":69}},"36":{"start":{"line":127,"column":6},"end":{"line":127,"column":49}},"37":{"start":{"line":128,"column":6},"end":{"line":128,"column":54}},"38":{"start":{"line":129,"column":6},"end":{"line":129,"column":44}},"39":{"start":{"line":130,"column":6},"end":{"line":130,"column":50}},"40":{"start":{"line":132,"column":6},"end":{"line":132,"column":77}},"41":{"start":{"line":135,"column":6},"end":{"line":139,"column":9}},"42":{"start":{"line":143,"column":49},"end":{"line":147,"column":6}},"43":{"start":{"line":150,"column":34},"end":{"line":157,"column":6}},"44":{"start":{"line":159,"column":4},"end":{"line":163,"column":6}},"45":{"start":{"line":167,"column":24},"end":{"line":167,"column":59}},"46":{"start":{"line":168,"column":25},"end":{"line":168,"column":63}},"47":{"start":{"line":170,"column":4},"end":{"line":191,"column":5}},"48":{"start":{"line":172,"column":6},"end":{"line":175,"column":36}},"49":{"start":{"line":176,"column":11},"end":{"line":191,"column":5}},"50":{"start":{"line":179,"column":8},"end":{"line":179,"column":72}},"51":{"start":{"line":180,"column":19},"end":{"line":180,"column":21}},"52":{"start":{"line":181,"column":6},"end":{"line":183,"column":7}},"53":{"start":{"line":181,"column":19},"end":{"line":181,"column":20}},"54":{"start":{"line":182,"column":8},"end":{"line":182,"column":73}},"55":{"start":{"line":184,"column":6},"end":{"line":184,"column":20}},"56":{"start":{"line":187,"column":6},"end":{"line":190,"column":36}},"57":{"start":{"line":195,"column":30},"end":{"line":195,"column":66}},"58":{"start":{"line":196,"column":4},"end":{"line":196,"column":59}},"59":{"start":{"line":31,"column":13},"end":{"line":31,"column":38}},"60":{"start":{"line":31,"column":13},"end":{"line":198,"column":null}}},"fnMap":{"0":{"name":"(anonymous_4)","decl":{"start":{"line":32,"column":2},"end":{"line":32,"column":null}},"loc":{"start":{"line":39,"column":48},"end":{"line":40,"column":6}}},"1":{"name":"(anonymous_5)","decl":{"start":{"line":42,"column":2},"end":{"line":42,"column":7}},"loc":{"start":{"line":44,"column":45},"end":{"line":164,"column":3}}},"2":{"name":"(anonymous_6)","decl":{"start":{"line":166,"column":10},"end":{"line":166,"column":23}},"loc":{"start":{"line":166,"column":62},"end":{"line":192,"column":3}}},"3":{"name":"(anonymous_7)","decl":{"start":{"line":194,"column":10},"end":{"line":194,"column":29}},"loc":{"start":{"line":194,"column":68},"end":{"line":197,"column":3}}}},"branchMap":{"0":{"loc":{"start":{"line":51,"column":4},"end":{"line":53,"column":5}},"type":"if","locations":[{"start":{"line":51,"column":4},"end":{"line":53,"column":5}}]},"1":{"loc":{"start":{"line":56,"column":4},"end":{"line":58,"column":5}},"type":"if","locations":[{"start":{"line":56,"column":4},"end":{"line":58,"column":5}}]},"2":{"loc":{"start":{"line":74,"column":6},"end":{"line":78,"column":7}},"type":"if","locations":[{"start":{"line":74,"column":6},"end":{"line":78,"column":7}}]},"3":{"loc":{"start":{"line":81,"column":6},"end":{"line":85,"column":7}},"type":"if","locations":[{"start":{"line":81,"column":6},"end":{"line":85,"column":7}}]},"4":{"loc":{"start":{"line":88,"column":6},"end":{"line":92,"column":7}},"type":"if","locations":[{"start":{"line":88,"column":6},"end":{"line":92,"column":7}}]},"5":{"loc":{"start":{"line":95,"column":6},"end":{"line":101,"column":7}},"type":"if","locations":[{"start":{"line":95,"column":6},"end":{"line":101,"column":7}}]},"6":{"loc":{"start":{"line":111,"column":6},"end":{"line":115,"column":7}},"type":"if","locations":[{"start":{"line":111,"column":6},"end":{"line":115,"column":7}}]},"7":{"loc":{"start":{"line":167,"column":24},"end":{"line":167,"column":59}},"type":"binary-expr","locations":[{"start":{"line":167,"column":24},"end":{"line":167,"column":54}},{"start":{"line":167,"column":58},"end":{"line":167,"column":59}}]},"8":{"loc":{"start":{"line":168,"column":25},"end":{"line":168,"column":63}},"type":"binary-expr","locations":[{"start":{"line":168,"column":25},"end":{"line":168,"column":56}},{"start":{"line":168,"column":60},"end":{"line":168,"column":63}}]},"9":{"loc":{"start":{"line":170,"column":4},"end":{"line":191,"column":5}},"type":"if","locations":[{"start":{"line":170,"column":4},"end":{"line":191,"column":5}},{"start":{"line":176,"column":11},"end":{"line":191,"column":5}}]},"10":{"loc":{"start":{"line":170,"column":8},"end":{"line":170,"column":58}},"type":"binary-expr","locations":[{"start":{"line":170,"column":8},"end":{"line":170,"column":28}},{"start":{"line":170,"column":32},"end":{"line":170,"column":58}}]},"11":{"loc":{"start":{"line":176,"column":11},"end":{"line":191,"column":5}},"type":"if","locations":[{"start":{"line":176,"column":11},"end":{"line":191,"column":5}},{"start":{"line":185,"column":11},"end":{"line":191,"column":5}}]},"12":{"loc":{"start":{"line":176,"column":15},"end":{"line":176,"column":70}},"type":"binary-expr","locations":[{"start":{"line":176,"column":15},"end":{"line":176,"column":35}},{"start":{"line":176,"column":39},"end":{"line":176,"column":70}}]},"13":{"loc":{"start":{"line":195,"column":30},"end":{"line":195,"column":66}},"type":"binary-expr","locations":[{"start":{"line":195,"column":30},"end":{"line":195,"column":59}},{"start":{"line":195,"column":63},"end":{"line":195,"column":66}}]}},"s":{"0":0,"1":0,"2":0,"3":0,"4":0,"5":0,"6":0,"7":0,"8":0,"9":0,"10":0,"11":0,"12":0,"13":0,"14":0,"15":0,"16":0,"17":0,"18":0,"19":0,"20":0,"21":0,"22":0,"23":0,"24":0,"25":0,"26":0,"27":0,"28":0,"29":0,"30":0,"31":0,"32":0,"33":0,"34":0,"35":0,"36":0,"37":0,"38":0,"39":0,"40":0,"41":0,"42":0,"43":0,"44":0,"45":0,"46":0,"47":0,"48":0,"49":0,"50":0,"51":0,"52":0,"53":0,"54":0,"55":0,"56":0,"57":0,"58":0,"59":0,"60":0},"f":{"0":0,"1":0,"2":0,"3":0},"b":{"0":[0],"1":[0],"2":[0],"3":[0],"4":[0],"5":[0],"6":[0],"7":[0,0],"8":[0,0],"9":[0,0],"10":[0,0],"11":[0,0],"12":[0,0],"13":[0,0]}}
,"/Users/yogipatel/Documents/BAPS Projects/verify-backend/src/services/service-addition.service.ts": {"path":"/Users/yogipatel/Documents/BAPS Projects/verify-backend/src/services/service-addition.service.ts","statementMap":{"0":{"start":{"line":1,"column":0},"end":{"line":1,"column":null}},"1":{"start":{"line":6,"column":0},"end":{"line":6,"column":51}},"2":{"start":{"line":7,"column":0},"end":{"line":7,"column":37}},"3":{"start":{"line":8,"column":0},"end":{"line":8,"column":72}},"4":{"start":{"line":9,"column":0},"end":{"line":9,"column":57}},"5":{"start":{"line":20,"column":7},"end":{"line":111,"column":null}},"6":{"start":{"line":23,"column":12},"end":{"line":23,"column":35}},"7":{"start":{"line":25,"column":12},"end":{"line":25,"column":31}},"8":{"start":{"line":33,"column":24},"end":{"line":35,"column":6}},"9":{"start":{"line":37,"column":4},"end":{"line":39,"column":5}},"10":{"start":{"line":38,"column":6},"end":{"line":38,"column":59}},"11":{"start":{"line":42,"column":4},"end":{"line":44,"column":5}},"12":{"start":{"line":43,"column":6},"end":{"line":43,"column":61}},"13":{"start":{"line":46,"column":41},"end":{"line":46,"column":43}},"14":{"start":{"line":49,"column":4},"end":{"line":77,"column":5}},"15":{"start":{"line":51,"column":30},"end":{"line":56,"column":8}},"16":{"start":{"line":58,"column":6},"end":{"line":62,"column":7}},"17":{"start":{"line":59,"column":8},"end":{"line":61,"column":10}},"18":{"start":{"line":65,"column":22},"end":{"line":73,"column":8}},"19":{"start":{"line":75,"column":6},"end":{"line":75,"column":49}},"20":{"start":{"line":76,"column":6},"end":{"line":76,"column":55}},"21":{"start":{"line":80,"column":55},"end":{"line":84,"column":6}},"22":{"start":{"line":87,"column":51},"end":{"line":93,"column":6}},"23":{"start":{"line":96,"column":34},"end":{"line":103,"column":6}},"24":{"start":{"line":105,"column":4},"end":{"line":109,"column":6}},"25":{"start":{"line":20,"column":13},"end":{"line":20,"column":35}},"26":{"start":{"line":20,"column":13},"end":{"line":111,"column":null}}},"fnMap":{"0":{"name":"(anonymous_4)","decl":{"start":{"line":21,"column":2},"end":{"line":21,"column":null}},"loc":{"start":{"line":25,"column":61},"end":{"line":26,"column":6}}},"1":{"name":"(anonymous_5)","decl":{"start":{"line":28,"column":2},"end":{"line":28,"column":7}},"loc":{"start":{"line":30,"column":38},"end":{"line":110,"column":3}}}},"branchMap":{"0":{"loc":{"start":{"line":37,"column":4},"end":{"line":39,"column":5}},"type":"if","locations":[{"start":{"line":37,"column":4},"end":{"line":39,"column":5}}]},"1":{"loc":{"start":{"line":42,"column":4},"end":{"line":44,"column":5}},"type":"if","locations":[{"start":{"line":42,"column":4},"end":{"line":44,"column":5}}]},"2":{"loc":{"start":{"line":58,"column":6},"end":{"line":62,"column":7}},"type":"if","locations":[{"start":{"line":58,"column":6},"end":{"line":62,"column":7}}]},"3":{"loc":{"start":{"line":68,"column":33},"end":{"line":68,"column":74}},"type":"binary-expr","locations":[{"start":{"line":68,"column":33},"end":{"line":68,"column":66}},{"start":{"line":68,"column":70},"end":{"line":68,"column":74}}]}},"s":{"0":1,"1":1,"2":1,"3":1,"4":1,"5":1,"6":0,"7":0,"8":0,"9":0,"10":0,"11":0,"12":0,"13":0,"14":0,"15":0,"16":0,"17":0,"18":0,"19":0,"20":0,"21":0,"22":0,"23":0,"24":0,"25":1,"26":1},"f":{"0":0,"1":0},"b":{"0":[0],"1":[0],"2":[0],"3":[0,0]}}
,"/Users/yogipatel/Documents/BAPS Projects/verify-backend/src/services/service-deletion.service.ts": {"path":"/Users/yogipatel/Documents/BAPS Projects/verify-backend/src/services/service-deletion.service.ts","statementMap":{"0":{"start":{"line":1,"column":0},"end":{"line":1,"column":null}},"1":{"start":{"line":6,"column":0},"end":{"line":6,"column":51}},"2":{"start":{"line":7,"column":0},"end":{"line":7,"column":37}},"3":{"start":{"line":8,"column":0},"end":{"line":8,"column":77}},"4":{"start":{"line":9,"column":0},"end":{"line":9,"column":82}},"5":{"start":{"line":12,"column":0},"end":{"line":12,"column":57}},"6":{"start":{"line":15,"column":7},"end":{"line":93,"column":null}},"7":{"start":{"line":18,"column":12},"end":{"line":18,"column":43}},"8":{"start":{"line":20,"column":12},"end":{"line":20,"column":45}},"9":{"start":{"line":28,"column":24},"end":{"line":30,"column":6}},"10":{"start":{"line":32,"column":4},"end":{"line":34,"column":5}},"11":{"start":{"line":33,"column":6},"end":{"line":33,"column":59}},"12":{"start":{"line":37,"column":4},"end":{"line":39,"column":5}},"13":{"start":{"line":38,"column":6},"end":{"line":38,"column":63}},"14":{"start":{"line":42,"column":28},"end":{"line":47,"column":6}},"15":{"start":{"line":49,"column":4},"end":{"line":53,"column":5}},"16":{"start":{"line":50,"column":6},"end":{"line":52,"column":8}},"17":{"start":{"line":56,"column":4},"end":{"line":60,"column":5}},"18":{"start":{"line":57,"column":6},"end":{"line":59,"column":8}},"19":{"start":{"line":63,"column":4},"end":{"line":63,"column":38}},"20":{"start":{"line":64,"column":4},"end":{"line":64,"column":44}},"21":{"start":{"line":67,"column":4},"end":{"line":67,"column":67}},"22":{"start":{"line":70,"column":30},"end":{"line":70,"column":54}},"23":{"start":{"line":72,"column":53},"end":{"line":89,"column":6}},"24":{"start":{"line":91,"column":4},"end":{"line":91,"column":20}},"25":{"start":{"line":15,"column":13},"end":{"line":15,"column":35}},"26":{"start":{"line":15,"column":13},"end":{"line":93,"column":null}}},"fnMap":{"0":{"name":"(anonymous_4)","decl":{"start":{"line":16,"column":2},"end":{"line":16,"column":null}},"loc":{"start":{"line":20,"column":78},"end":{"line":21,"column":6}}},"1":{"name":"(anonymous_5)","decl":{"start":{"line":23,"column":2},"end":{"line":23,"column":7}},"loc":{"start":{"line":25,"column":28},"end":{"line":92,"column":3}}}},"branchMap":{"0":{"loc":{"start":{"line":32,"column":4},"end":{"line":34,"column":5}},"type":"if","locations":[{"start":{"line":32,"column":4},"end":{"line":34,"column":5}}]},"1":{"loc":{"start":{"line":37,"column":4},"end":{"line":39,"column":5}},"type":"if","locations":[{"start":{"line":37,"column":4},"end":{"line":39,"column":5}}]},"2":{"loc":{"start":{"line":49,"column":4},"end":{"line":53,"column":5}},"type":"if","locations":[{"start":{"line":49,"column":4},"end":{"line":53,"column":5}}]},"3":{"loc":{"start":{"line":56,"column":4},"end":{"line":60,"column":5}},"type":"if","locations":[{"start":{"line":56,"column":4},"end":{"line":60,"column":5}}]}},"s":{"0":0,"1":0,"2":0,"3":0,"4":0,"5":0,"6":0,"7":0,"8":0,"9":0,"10":0,"11":0,"12":0,"13":0,"14":0,"15":0,"16":0,"17":0,"18":0,"19":0,"20":0,"21":0,"22":0,"23":0,"24":0,"25":0,"26":0},"f":{"0":0,"1":0},"b":{"0":[0],"1":[0],"2":[0],"3":[0]}}
,"/Users/yogipatel/Documents/BAPS Projects/verify-backend/src/services/service-update.service.ts": {"path":"/Users/yogipatel/Documents/BAPS Projects/verify-backend/src/services/service-update.service.ts","statementMap":{"0":{"start":{"line":1,"column":0},"end":{"line":1,"column":null}},"1":{"start":{"line":6,"column":0},"end":{"line":6,"column":51}},"2":{"start":{"line":7,"column":0},"end":{"line":7,"column":37}},"3":{"start":{"line":8,"column":0},"end":{"line":8,"column":77}},"4":{"start":{"line":9,"column":0},"end":{"line":9,"column":82}},"5":{"start":{"line":15,"column":0},"end":{"line":15,"column":57}},"6":{"start":{"line":18,"column":7},"end":{"line":124,"column":null}},"7":{"start":{"line":21,"column":12},"end":{"line":21,"column":43}},"8":{"start":{"line":23,"column":12},"end":{"line":23,"column":45}},"9":{"start":{"line":32,"column":24},"end":{"line":34,"column":6}},"10":{"start":{"line":36,"column":4},"end":{"line":38,"column":5}},"11":{"start":{"line":37,"column":6},"end":{"line":37,"column":59}},"12":{"start":{"line":41,"column":4},"end":{"line":43,"column":5}},"13":{"start":{"line":42,"column":6},"end":{"line":42,"column":63}},"14":{"start":{"line":46,"column":28},"end":{"line":51,"column":6}},"15":{"start":{"line":53,"column":4},"end":{"line":57,"column":5}},"16":{"start":{"line":54,"column":6},"end":{"line":56,"column":8}},"17":{"start":{"line":60,"column":4},"end":{"line":62,"column":5}},"18":{"start":{"line":61,"column":6},"end":{"line":61,"column":74}},"19":{"start":{"line":65,"column":23},"end":{"line":65,"column":38}},"20":{"start":{"line":68,"column":4},"end":{"line":71,"column":5}},"21":{"start":{"line":69,"column":6},"end":{"line":70,"column":41}},"22":{"start":{"line":74,"column":4},"end":{"line":80,"column":6}},"23":{"start":{"line":83,"column":4},"end":{"line":87,"column":6}},"24":{"start":{"line":90,"column":4},"end":{"line":94,"column":6}},"25":{"start":{"line":97,"column":4},"end":{"line":97,"column":44}},"26":{"start":{"line":100,"column":4},"end":{"line":100,"column":67}},"27":{"start":{"line":103,"column":30},"end":{"line":103,"column":54}},"28":{"start":{"line":105,"column":51},"end":{"line":120,"column":6}},"29":{"start":{"line":122,"column":4},"end":{"line":122,"column":20}},"30":{"start":{"line":18,"column":13},"end":{"line":18,"column":33}},"31":{"start":{"line":18,"column":13},"end":{"line":124,"column":null}}},"fnMap":{"0":{"name":"(anonymous_4)","decl":{"start":{"line":19,"column":2},"end":{"line":19,"column":null}},"loc":{"start":{"line":23,"column":78},"end":{"line":24,"column":6}}},"1":{"name":"(anonymous_5)","decl":{"start":{"line":26,"column":2},"end":{"line":26,"column":7}},"loc":{"start":{"line":29,"column":40},"end":{"line":123,"column":3}}}},"branchMap":{"0":{"loc":{"start":{"line":36,"column":4},"end":{"line":38,"column":5}},"type":"if","locations":[{"start":{"line":36,"column":4},"end":{"line":38,"column":5}}]},"1":{"loc":{"start":{"line":41,"column":4},"end":{"line":43,"column":5}},"type":"if","locations":[{"start":{"line":41,"column":4},"end":{"line":43,"column":5}}]},"2":{"loc":{"start":{"line":53,"column":4},"end":{"line":57,"column":5}},"type":"if","locations":[{"start":{"line":53,"column":4},"end":{"line":57,"column":5}}]},"3":{"loc":{"start":{"line":60,"column":4},"end":{"line":62,"column":5}},"type":"if","locations":[{"start":{"line":60,"column":4},"end":{"line":62,"column":5}}]},"4":{"loc":{"start":{"line":68,"column":4},"end":{"line":71,"column":5}},"type":"if","locations":[{"start":{"line":68,"column":4},"end":{"line":71,"column":5}}]}},"s":{"0":0,"1":0,"2":0,"3":0,"4":0,"5":0,"6":0,"7":0,"8":0,"9":0,"10":0,"11":0,"12":0,"13":0,"14":0,"15":0,"16":0,"17":0,"18":0,"19":0,"20":0,"21":0,"22":0,"23":0,"24":0,"25":0,"26":0,"27":0,"28":0,"29":0,"30":0,"31":0},"f":{"0":0,"1":0},"b":{"0":[0],"1":[0],"2":[0],"3":[0],"4":[0]}}
,"/Users/yogipatel/Documents/BAPS Projects/verify-backend/src/services/verification-generation.service.ts": {"path":"/Users/yogipatel/Documents/BAPS Projects/verify-backend/src/services/verification-generation.service.ts","statementMap":{"0":{"start":{"line":1,"column":0},"end":{"line":1,"column":null}},"1":{"start":{"line":7,"column":0},"end":{"line":7,"column":51}},"2":{"start":{"line":8,"column":0},"end":{"line":8,"column":37}},"3":{"start":{"line":9,"column":0},"end":{"line":9,"column":77}},"4":{"start":{"line":10,"column":0},"end":{"line":10,"column":82}},"5":{"start":{"line":11,"column":0},"end":{"line":11,"column":88}},"6":{"start":{"line":19,"column":0},"end":{"line":19,"column":57}},"7":{"start":{"line":20,"column":0},"end":{"line":20,"column":57}},"8":{"start":{"line":31,"column":7},"end":{"line":201,"column":null}},"9":{"start":{"line":34,"column":12},"end":{"line":34,"column":43}},"10":{"start":{"line":36,"column":12},"end":{"line":36,"column":45}},"11":{"start":{"line":38,"column":12},"end":{"line":38,"column":47}},"12":{"start":{"line":39,"column":12},"end":{"line":39,"column":31}},"13":{"start":{"line":47,"column":24},"end":{"line":49,"column":6}},"14":{"start":{"line":51,"column":4},"end":{"line":53,"column":5}},"15":{"start":{"line":52,"column":6},"end":{"line":52,"column":59}},"16":{"start":{"line":56,"column":4},"end":{"line":58,"column":5}},"17":{"start":{"line":57,"column":6},"end":{"line":57,"column":63}},"18":{"start":{"line":60,"column":62},"end":{"line":60,"column":64}},"19":{"start":{"line":63,"column":4},"end":{"line":143,"column":5}},"20":{"start":{"line":65,"column":22},"end":{"line":71,"column":8}},"21":{"start":{"line":73,"column":6},"end":{"line":77,"column":7}},"22":{"start":{"line":74,"column":8},"end":{"line":76,"column":10}},"23":{"start":{"line":81,"column":8},"end":{"line":89,"column":10}},"24":{"start":{"line":91,"column":6},"end":{"line":102,"column":7}},"25":{"start":{"line":93,"column":8},"end":{"line":101,"column":9}},"26":{"start":{"line":94,"column":10},"end":{"line":96,"column":12}},"27":{"start":{"line":99,"column":10},"end":{"line":99,"column":44}},"28":{"start":{"line":100,"column":10},"end":{"line":100,"column":77}},"29":{"start":{"line":106,"column":8},"end":{"line":106,"column":57}},"30":{"start":{"line":107,"column":20},"end":{"line":107,"column":58}},"31":{"start":{"line":108,"column":25},"end":{"line":108,"column":69}},"32":{"start":{"line":111,"column":29},"end":{"line":111,"column":66}},"33":{"start":{"line":114,"column":34},"end":{"line":130,"column":null}},"34":{"start":{"line":134,"column":8},"end":{"line":134,"column":78}},"35":{"start":{"line":137,"column":6},"end":{"line":142,"column":9}},"36":{"start":{"line":146,"column":49},"end":{"line":150,"column":6}},"37":{"start":{"line":153,"column":34},"end":{"line":160,"column":6}},"38":{"start":{"line":162,"column":4},"end":{"line":166,"column":6}},"39":{"start":{"line":170,"column":24},"end":{"line":170,"column":59}},"40":{"start":{"line":171,"column":25},"end":{"line":171,"column":63}},"41":{"start":{"line":173,"column":4},"end":{"line":194,"column":5}},"42":{"start":{"line":175,"column":6},"end":{"line":178,"column":36}},"43":{"start":{"line":179,"column":11},"end":{"line":194,"column":5}},"44":{"start":{"line":182,"column":8},"end":{"line":182,"column":72}},"45":{"start":{"line":183,"column":19},"end":{"line":183,"column":21}},"46":{"start":{"line":184,"column":6},"end":{"line":186,"column":7}},"47":{"start":{"line":184,"column":19},"end":{"line":184,"column":20}},"48":{"start":{"line":185,"column":8},"end":{"line":185,"column":73}},"49":{"start":{"line":187,"column":6},"end":{"line":187,"column":20}},"50":{"start":{"line":190,"column":6},"end":{"line":193,"column":36}},"51":{"start":{"line":198,"column":30},"end":{"line":198,"column":66}},"52":{"start":{"line":199,"column":4},"end":{"line":199,"column":59}},"53":{"start":{"line":31,"column":13},"end":{"line":31,"column":42}},"54":{"start":{"line":31,"column":13},"end":{"line":201,"column":null}}},"fnMap":{"0":{"name":"(anonymous_4)","decl":{"start":{"line":32,"column":2},"end":{"line":32,"column":null}},"loc":{"start":{"line":39,"column":48},"end":{"line":40,"column":6}}},"1":{"name":"(anonymous_5)","decl":{"start":{"line":42,"column":2},"end":{"line":42,"column":7}},"loc":{"start":{"line":44,"column":49},"end":{"line":167,"column":3}}},"2":{"name":"(anonymous_6)","decl":{"start":{"line":169,"column":10},"end":{"line":169,"column":23}},"loc":{"start":{"line":169,"column":62},"end":{"line":195,"column":3}}},"3":{"name":"(anonymous_7)","decl":{"start":{"line":197,"column":10},"end":{"line":197,"column":29}},"loc":{"start":{"line":197,"column":68},"end":{"line":200,"column":3}}}},"branchMap":{"0":{"loc":{"start":{"line":51,"column":4},"end":{"line":53,"column":5}},"type":"if","locations":[{"start":{"line":51,"column":4},"end":{"line":53,"column":5}}]},"1":{"loc":{"start":{"line":56,"column":4},"end":{"line":58,"column":5}},"type":"if","locations":[{"start":{"line":56,"column":4},"end":{"line":58,"column":5}}]},"2":{"loc":{"start":{"line":73,"column":6},"end":{"line":77,"column":7}},"type":"if","locations":[{"start":{"line":73,"column":6},"end":{"line":77,"column":7}}]},"3":{"loc":{"start":{"line":91,"column":6},"end":{"line":102,"column":7}},"type":"if","locations":[{"start":{"line":91,"column":6},"end":{"line":102,"column":7}}]},"4":{"loc":{"start":{"line":93,"column":8},"end":{"line":101,"column":9}},"type":"if","locations":[{"start":{"line":93,"column":8},"end":{"line":101,"column":9}},{"start":{"line":97,"column":15},"end":{"line":101,"column":9}}]},"5":{"loc":{"start":{"line":123,"column":29},"end":{"line":123,"column":68}},"type":"binary-expr","locations":[{"start":{"line":123,"column":29},"end":{"line":123,"column":63}},{"start":{"line":123,"column":67},"end":{"line":123,"column":68}}]},"6":{"loc":{"start":{"line":125,"column":28},"end":{"line":125,"column":66}},"type":"binary-expr","locations":[{"start":{"line":125,"column":28},"end":{"line":125,"column":61}},{"start":{"line":125,"column":65},"end":{"line":125,"column":66}}]},"7":{"loc":{"start":{"line":170,"column":24},"end":{"line":170,"column":59}},"type":"binary-expr","locations":[{"start":{"line":170,"column":24},"end":{"line":170,"column":54}},{"start":{"line":170,"column":58},"end":{"line":170,"column":59}}]},"8":{"loc":{"start":{"line":171,"column":25},"end":{"line":171,"column":63}},"type":"binary-expr","locations":[{"start":{"line":171,"column":25},"end":{"line":171,"column":56}},{"start":{"line":171,"column":60},"end":{"line":171,"column":63}}]},"9":{"loc":{"start":{"line":173,"column":4},"end":{"line":194,"column":5}},"type":"if","locations":[{"start":{"line":173,"column":4},"end":{"line":194,"column":5}},{"start":{"line":179,"column":11},"end":{"line":194,"column":5}}]},"10":{"loc":{"start":{"line":173,"column":8},"end":{"line":173,"column":58}},"type":"binary-expr","locations":[{"start":{"line":173,"column":8},"end":{"line":173,"column":28}},{"start":{"line":173,"column":32},"end":{"line":173,"column":58}}]},"11":{"loc":{"start":{"line":179,"column":11},"end":{"line":194,"column":5}},"type":"if","locations":[{"start":{"line":179,"column":11},"end":{"line":194,"column":5}},{"start":{"line":188,"column":11},"end":{"line":194,"column":5}}]},"12":{"loc":{"start":{"line":179,"column":15},"end":{"line":179,"column":70}},"type":"binary-expr","locations":[{"start":{"line":179,"column":15},"end":{"line":179,"column":35}},{"start":{"line":179,"column":39},"end":{"line":179,"column":70}}]},"13":{"loc":{"start":{"line":198,"column":30},"end":{"line":198,"column":66}},"type":"binary-expr","locations":[{"start":{"line":198,"column":30},"end":{"line":198,"column":59}},{"start":{"line":198,"column":63},"end":{"line":198,"column":66}}]}},"s":{"0":1,"1":1,"2":1,"3":1,"4":1,"5":1,"6":1,"7":1,"8":1,"9":0,"10":0,"11":0,"12":0,"13":0,"14":0,"15":0,"16":0,"17":0,"18":0,"19":0,"20":0,"21":0,"22":0,"23":0,"24":0,"25":0,"26":0,"27":0,"28":0,"29":0,"30":0,"31":0,"32":0,"33":0,"34":0,"35":0,"36":0,"37":0,"38":0,"39":0,"40":0,"41":0,"42":0,"43":0,"44":0,"45":0,"46":0,"47":0,"48":0,"49":0,"50":0,"51":0,"52":0,"53":1,"54":1},"f":{"0":0,"1":0,"2":0,"3":0},"b":{"0":[0],"1":[0],"2":[0],"3":[0],"4":[0,0],"5":[0,0],"6":[0,0],"7":[0,0],"8":[0,0],"9":[0,0],"10":[0,0],"11":[0,0],"12":[0,0],"13":[0,0]}}
,"/Users/yogipatel/Documents/BAPS Projects/verify-backend/src/services/verification.service.ts": {"path":"/Users/yogipatel/Documents/BAPS Projects/verify-backend/src/services/verification.service.ts","statementMap":{"0":{"start":{"line":1,"column":0},"end":{"line":1,"column":null}},"1":{"start":{"line":7,"column":0},"end":{"line":7,"column":51}},"2":{"start":{"line":8,"column":0},"end":{"line":8,"column":37}},"3":{"start":{"line":9,"column":0},"end":{"line":9,"column":88}},"4":{"start":{"line":10,"column":0},"end":{"line":10,"column":82}},"5":{"start":{"line":17,"column":0},"end":{"line":17,"column":57}},"6":{"start":{"line":18,"column":0},"end":{"line":18,"column":57}},"7":{"start":{"line":21,"column":7},"end":{"line":142,"column":null}},"8":{"start":{"line":24,"column":12},"end":{"line":24,"column":47}},"9":{"start":{"line":26,"column":12},"end":{"line":26,"column":45}},"10":{"start":{"line":27,"column":12},"end":{"line":27,"column":31}},"11":{"start":{"line":35,"column":24},"end":{"line":37,"column":6}},"12":{"start":{"line":39,"column":4},"end":{"line":41,"column":5}},"13":{"start":{"line":40,"column":6},"end":{"line":40,"column":59}},"14":{"start":{"line":44,"column":4},"end":{"line":46,"column":5}},"15":{"start":{"line":45,"column":6},"end":{"line":45,"column":63}},"16":{"start":{"line":49,"column":4},"end":{"line":117,"column":5}},"17":{"start":{"line":52,"column":8},"end":{"line":58,"column":10}},"18":{"start":{"line":60,"column":6},"end":{"line":64,"column":7}},"19":{"start":{"line":61,"column":8},"end":{"line":63,"column":10}},"20":{"start":{"line":67,"column":6},"end":{"line":71,"column":7}},"21":{"start":{"line":68,"column":8},"end":{"line":70,"column":10}},"22":{"start":{"line":74,"column":6},"end":{"line":78,"column":7}},"23":{"start":{"line":75,"column":8},"end":{"line":77,"column":10}},"24":{"start":{"line":81,"column":6},"end":{"line":88,"column":7}},"25":{"start":{"line":85,"column":8},"end":{"line":87,"column":10}},"26":{"start":{"line":92,"column":6},"end":{"line":98,"column":7}},"27":{"start":{"line":93,"column":8},"end":{"line":93,"column":80}},"28":{"start":{"line":95,"column":8},"end":{"line":97,"column":10}},"29":{"start":{"line":101,"column":6},"end":{"line":109,"column":7}},"30":{"start":{"line":103,"column":8},"end":{"line":103,"column":47}},"31":{"start":{"line":104,"column":8},"end":{"line":104,"column":79}},"32":{"start":{"line":106,"column":8},"end":{"line":108,"column":10}},"33":{"start":{"line":112,"column":6},"end":{"line":112,"column":42}},"34":{"start":{"line":113,"column":6},"end":{"line":113,"column":51}},"35":{"start":{"line":114,"column":6},"end":{"line":114,"column":44}},"36":{"start":{"line":116,"column":6},"end":{"line":116,"column":77}},"37":{"start":{"line":120,"column":49},"end":{"line":124,"column":6}},"38":{"start":{"line":127,"column":34},"end":{"line":134,"column":6}},"39":{"start":{"line":136,"column":4},"end":{"line":140,"column":6}},"40":{"start":{"line":21,"column":13},"end":{"line":21,"column":32}},"41":{"start":{"line":21,"column":13},"end":{"line":142,"column":null}}},"fnMap":{"0":{"name":"(anonymous_4)","decl":{"start":{"line":22,"column":2},"end":{"line":22,"column":null}},"loc":{"start":{"line":27,"column":48},"end":{"line":28,"column":6}}},"1":{"name":"(anonymous_5)","decl":{"start":{"line":30,"column":2},"end":{"line":30,"column":7}},"loc":{"start":{"line":32,"column":39},"end":{"line":141,"column":3}}}},"branchMap":{"0":{"loc":{"start":{"line":39,"column":4},"end":{"line":41,"column":5}},"type":"if","locations":[{"start":{"line":39,"column":4},"end":{"line":41,"column":5}}]},"1":{"loc":{"start":{"line":44,"column":4},"end":{"line":46,"column":5}},"type":"if","locations":[{"start":{"line":44,"column":4},"end":{"line":46,"column":5}}]},"2":{"loc":{"start":{"line":60,"column":6},"end":{"line":64,"column":7}},"type":"if","locations":[{"start":{"line":60,"column":6},"end":{"line":64,"column":7}}]},"3":{"loc":{"start":{"line":67,"column":6},"end":{"line":71,"column":7}},"type":"if","locations":[{"start":{"line":67,"column":6},"end":{"line":71,"column":7}}]},"4":{"loc":{"start":{"line":74,"column":6},"end":{"line":78,"column":7}},"type":"if","locations":[{"start":{"line":74,"column":6},"end":{"line":78,"column":7}}]},"5":{"loc":{"start":{"line":81,"column":6},"end":{"line":88,"column":7}},"type":"if","locations":[{"start":{"line":81,"column":6},"end":{"line":88,"column":7}}]},"6":{"loc":{"start":{"line":101,"column":6},"end":{"line":109,"column":7}},"type":"if","locations":[{"start":{"line":101,"column":6},"end":{"line":109,"column":7}}]}},"s":{"0":0,"1":0,"2":0,"3":0,"4":0,"5":0,"6":0,"7":0,"8":0,"9":0,"10":0,"11":0,"12":0,"13":0,"14":0,"15":0,"16":0,"17":0,"18":0,"19":0,"20":0,"21":0,"22":0,"23":0,"24":0,"25":0,"26":0,"27":0,"28":0,"29":0,"30":0,"31":0,"32":0,"33":0,"34":0,"35":0,"36":0,"37":0,"38":0,"39":0,"40":0,"41":0},"f":{"0":0,"1":0},"b":{"0":[0],"1":[0],"2":[0],"3":[0],"4":[0],"5":[0],"6":[0]}}
}
