TN:
SF:src/app.controller.ts
FN:6,(anonymous_2)
FN:9,(anonymous_3)
FN:14,(anonymous_4)
FNF:3
FNH:0
FNDA:0,(anonymous_2)
FNDA:0,(anonymous_3)
FNDA:0,(anonymous_4)
DA:1,0
DA:2,0
DA:5,0
DA:6,0
DA:9,0
DA:10,0
DA:14,0
DA:15,0
LF:8
LH:0
BRF:0
BRH:0
end_of_record
TN:
SF:src/app.service.ts
FN:5,(anonymous_1)
FNF:1
FNH:0
FNDA:0,(anonymous_1)
DA:1,0
DA:4,0
DA:6,0
LF:3
LH:0
BRF:0
BRH:0
end_of_record
TN:
SF:src/common/exceptions/custom-exceptions.ts
FN:4,(anonymous_0)
FN:17,(anonymous_1)
FN:30,(anonymous_2)
FN:43,(anonymous_3)
FN:56,(anonymous_4)
FN:69,(anonymous_5)
FN:82,(anonymous_6)
FN:95,(anonymous_7)
FN:108,(anonymous_8)
FN:121,(anonymous_9)
FN:134,(anonymous_10)
FN:147,(anonymous_11)
FN:160,(anonymous_12)
FN:173,(anonymous_13)
FNF:14
FNH:0
FNDA:0,(anonymous_0)
FNDA:0,(anonymous_1)
FNDA:0,(anonymous_2)
FNDA:0,(anonymous_3)
FNDA:0,(anonymous_4)
FNDA:0,(anonymous_5)
FNDA:0,(anonymous_6)
FNDA:0,(anonymous_7)
FNDA:0,(anonymous_8)
FNDA:0,(anonymous_9)
FNDA:0,(anonymous_10)
FNDA:0,(anonymous_11)
FNDA:0,(anonymous_12)
FNDA:0,(anonymous_13)
DA:1,2
DA:3,2
DA:5,0
DA:16,2
DA:18,0
DA:29,2
DA:31,0
DA:42,2
DA:44,0
DA:55,2
DA:57,0
DA:68,2
DA:70,0
DA:81,2
DA:83,0
DA:94,2
DA:96,0
DA:107,2
DA:109,0
DA:120,2
DA:122,0
DA:133,2
DA:135,0
DA:146,2
DA:148,0
DA:159,2
DA:161,0
DA:172,2
DA:174,0
LF:29
LH:15
BRF:0
BRH:0
end_of_record
TN:
SF:src/common/logger/logger.service.ts
FN:10,(anonymous_2)
FN:14,(anonymous_3)
FN:27,(anonymous_4)
FN:73,(anonymous_5)
FN:77,(anonymous_6)
FN:81,(anonymous_7)
FN:85,(anonymous_8)
FN:89,(anonymous_9)
FN:94,(anonymous_10)
FN:106,(anonymous_11)
FN:118,(anonymous_12)
FN:123,(anonymous_13)
FNF:12
FNH:0
FNDA:0,(anonymous_2)
FNDA:0,(anonymous_3)
FNDA:0,(anonymous_4)
FNDA:0,(anonymous_5)
FNDA:0,(anonymous_6)
FNDA:0,(anonymous_7)
FNDA:0,(anonymous_8)
FNDA:0,(anonymous_9)
FNDA:0,(anonymous_10)
FNDA:0,(anonymous_11)
FNDA:0,(anonymous_12)
FNDA:0,(anonymous_13)
DA:1,2
DA:2,2
DA:3,2
DA:4,2
DA:7,2
DA:10,0
DA:11,0
DA:15,0
DA:16,0
DA:17,0
DA:20,0
DA:28,0
DA:36,0
DA:37,0
DA:62,0
DA:74,0
DA:78,0
DA:82,0
DA:86,0
DA:90,0
DA:100,0
DA:112,0
DA:119,0
DA:120,0
DA:124,0
LF:25
LH:5
BRDA:28,0,0,0
BRDA:28,0,1,0
BRDA:36,1,0,0
BRDA:101,2,0,0
BRDA:101,2,1,0
BRF:5
BRH:0
end_of_record
TN:
SF:src/common/types/express.d.ts
FNF:0
FNH:0
LF:0
LH:0
BRF:0
BRH:0
end_of_record
TN:
SF:src/config/app.config.ts
FN:32,(anonymous_0)
FNF:1
FNH:0
FNDA:0,(anonymous_0)
DA:1,0
DA:2,0
DA:30,0
DA:32,0
DA:64,0
LF:5
LH:0
BRDA:33,0,0,0
BRDA:33,0,1,0
BRDA:34,1,0,0
BRDA:34,1,1,0
BRDA:35,2,0,0
BRDA:35,2,1,0
BRDA:37,3,0,0
BRDA:37,3,1,0
BRDA:43,4,0,0
BRDA:43,4,1,0
BRDA:44,5,0,0
BRDA:44,5,1,0
BRDA:48,6,0,0
BRDA:48,6,1,0
BRDA:50,7,0,0
BRDA:50,7,1,0
BRDA:52,8,0,0
BRDA:52,8,1,0
BRDA:54,9,0,0
BRDA:54,9,1,0
BRDA:57,10,0,0
BRDA:57,10,1,0
BRDA:58,11,0,0
BRDA:58,11,1,0
BRDA:59,12,0,0
BRDA:59,12,1,0
BRF:26
BRH:0
end_of_record
TN:
SF:src/config/database.config.ts
FN:23,(anonymous_0)
FN:46,(anonymous_1)
FNF:2
FNH:0
FNDA:0,(anonymous_0)
FNDA:0,(anonymous_1)
DA:1,0
DA:3,0
DA:21,0
DA:23,0
DA:46,0
DA:47,0
DA:49,0
DA:70,0
LF:8
LH:0
BRDA:24,0,0,0
BRDA:24,0,1,0
BRDA:25,1,0,0
BRDA:25,1,1,0
BRDA:26,2,0,0
BRDA:26,2,1,0
BRDA:27,3,0,0
BRDA:27,3,1,0
BRDA:28,4,0,0
BRDA:28,4,1,0
BRDA:32,5,0,0
BRDA:32,5,1,0
BRDA:35,6,0,0
BRDA:35,6,1,0
BRDA:36,7,0,0
BRDA:36,7,1,0
BRDA:37,8,0,0
BRDA:37,8,1,0
BRDA:38,9,0,0
BRDA:38,9,1,0
BRDA:40,10,0,0
BRDA:40,10,1,0
BRF:22
BRH:0
end_of_record
TN:
SF:src/controllers/application.controller.ts
FN:25,(anonymous_4)
FN:33,(anonymous_5)
FN:42,(anonymous_6)
FNF:3
FNH:0
FNDA:0,(anonymous_4)
FNDA:0,(anonymous_5)
FNDA:0,(anonymous_6)
DA:1,0
DA:13,0
DA:14,0
DA:15,0
DA:16,0
DA:17,0
DA:24,0
DA:26,0
DA:27,0
DA:33,0
DA:36,0
DA:42,0
DA:46,0
LF:13
LH:0
BRF:0
BRH:0
end_of_record
TN:
SF:src/controllers/resend-verification.controller.ts
FN:22,(anonymous_4)
FN:61,(anonymous_5)
FNF:2
FNH:0
FNDA:0,(anonymous_4)
FNDA:0,(anonymous_5)
DA:1,0
DA:2,0
DA:9,0
DA:10,0
DA:15,0
DA:16,0
DA:21,0
DA:23,0
DA:61,0
DA:66,0
LF:10
LH:0
BRF:0
BRH:0
end_of_record
TN:
SF:src/controllers/service-addition.controller.ts
FN:21,(anonymous_4)
FN:39,(anonymous_5)
FNF:2
FNH:2
FNDA:10,(anonymous_4)
FNDA:10,(anonymous_5)
DA:1,1
DA:2,1
DA:9,1
DA:10,1
DA:14,1
DA:15,1
DA:20,1
DA:22,10
DA:39,1
DA:44,10
LF:10
LH:10
BRF:0
BRH:0
end_of_record
TN:
SF:src/controllers/service-deletion.controller.ts
FN:16,(anonymous_4)
FN:54,(anonymous_5)
FNF:2
FNH:0
FNDA:0,(anonymous_4)
FNDA:0,(anonymous_5)
DA:1,0
DA:2,0
DA:3,0
DA:4,0
DA:8,0
DA:9,0
DA:10,0
DA:15,0
DA:17,0
DA:54,0
DA:59,0
LF:11
LH:0
BRF:0
BRH:0
end_of_record
TN:
SF:src/controllers/service-update.controller.ts
FN:22,(anonymous_4)
FN:45,(anonymous_5)
FNF:2
FNH:0
FNDA:0,(anonymous_4)
FNDA:0,(anonymous_5)
DA:1,0
DA:2,0
DA:9,0
DA:10,0
DA:14,0
DA:15,0
DA:16,0
DA:21,0
DA:22,0
DA:45,0
DA:51,0
LF:11
LH:0
BRF:0
BRH:0
end_of_record
TN:
SF:src/controllers/verification-generation.controller.ts
FN:22,(anonymous_4)
FN:60,(anonymous_5)
FNF:2
FNH:2
FNDA:14,(anonymous_4)
FNDA:18,(anonymous_5)
DA:1,1
DA:2,1
DA:9,1
DA:10,1
DA:15,1
DA:16,1
DA:21,1
DA:23,14
DA:60,1
DA:65,18
LF:10
LH:10
BRF:0
BRH:0
end_of_record
TN:
SF:src/controllers/verification.controller.ts
FN:22,(anonymous_4)
FN:61,(anonymous_5)
FNF:2
FNH:0
FNDA:0,(anonymous_4)
FNDA:0,(anonymous_5)
DA:1,0
DA:2,0
DA:9,0
DA:10,0
DA:15,0
DA:16,0
DA:21,0
DA:22,0
DA:61,0
DA:66,0
LF:10
LH:0
BRF:0
BRH:0
end_of_record
TN:
SF:src/seeders/database.seeder.ts
FN:12,(anonymous_4)
FN:19,(anonymous_5)
FNF:2
FNH:0
FNDA:0,(anonymous_4)
FNDA:0,(anonymous_5)
DA:1,0
DA:2,0
DA:3,0
DA:4,0
DA:11,0
DA:14,0
DA:16,0
DA:21,0
DA:29,0
DA:32,0
DA:77,0
DA:78,0
DA:79,0
DA:82,0
DA:83,0
LF:15
LH:0
BRF:0
BRH:0
end_of_record
TN:
SF:src/services/application-query.service.ts
FN:9,(anonymous_4)
FN:18,(anonymous_5)
FN:45,(anonymous_6)
FN:72,(anonymous_7)
FNF:4
FNH:0
FNDA:0,(anonymous_4)
FNDA:0,(anonymous_5)
FNDA:0,(anonymous_6)
FNDA:0,(anonymous_7)
DA:1,2
DA:2,2
DA:3,2
DA:4,2
DA:5,2
DA:8,2
DA:11,0
DA:12,0
DA:19,0
DA:23,0
DA:24,0
DA:28,0
DA:31,0
DA:35,0
DA:46,0
DA:50,0
DA:51,0
DA:55,0
DA:58,0
DA:62,0
DA:74,0
DA:78,0
DA:79,0
DA:80,0
DA:83,0
DA:84,0
DA:87,0
DA:95,0
DA:99,0
LF:29
LH:6
BRDA:23,0,0,0
BRDA:50,1,0,0
BRDA:83,2,0,0
BRF:3
BRH:0
end_of_record
TN:
SF:src/services/application.service.ts
FN:20,(anonymous_4)
FN:28,(anonymous_5)
FN:140,(anonymous_6)
FN:147,(anonymous_7)
FNF:4
FNH:0
FNDA:0,(anonymous_4)
FNDA:0,(anonymous_5)
FNDA:0,(anonymous_6)
FNDA:0,(anonymous_7)
DA:1,0
DA:6,0
DA:7,0
DA:8,0
DA:15,0
DA:16,0
DA:19,0
DA:22,0
DA:24,0
DA:25,0
DA:31,0
DA:32,0
DA:34,0
DA:35,0
DA:37,0
DA:41,0
DA:42,0
DA:48,0
DA:49,0
DA:50,0
DA:53,0
DA:55,0
DA:58,0
DA:67,0
DA:70,0
DA:71,0
DA:73,0
DA:80,0
DA:81,0
DA:84,0
DA:94,0
DA:95,0
DA:99,0
DA:110,0
DA:116,0
DA:121,0
DA:122,0
DA:134,0
DA:141,0
DA:148,0
LF:40
LH:0
BRDA:41,0,0,0
BRDA:80,1,0,0
BRDA:87,2,0,0
BRDA:87,2,1,0
BRDA:121,3,0,0
BRF:5
BRH:0
end_of_record
TN:
SF:src/services/encryption.service.ts
FN:9,(anonymous_2)
FN:20,(anonymous_3)
FN:30,(anonymous_4)
FN:44,(anonymous_5)
FN:51,(anonymous_6)
FN:58,(anonymous_7)
FN:65,(anonymous_8)
FNF:7
FNH:0
FNDA:0,(anonymous_2)
FNDA:0,(anonymous_3)
FNDA:0,(anonymous_4)
FNDA:0,(anonymous_5)
FNDA:0,(anonymous_6)
FNDA:0,(anonymous_7)
FNDA:0,(anonymous_8)
DA:1,2
DA:2,2
DA:3,2
DA:6,2
DA:9,0
DA:11,0
DA:21,0
DA:23,0
DA:24,0
DA:31,0
DA:33,0
DA:34,0
DA:35,0
DA:37,0
DA:45,0
DA:52,0
DA:59,0
DA:66,0
LF:18
LH:4
BRDA:21,0,0,0
BRDA:31,1,0,0
BRF:2
BRH:0
end_of_record
TN:
SF:src/services/key-rotation.service.ts
FN:21,(anonymous_4)
FN:27,(anonymous_5)
FN:100,(anonymous_6)
FN:107,(anonymous_7)
FNF:4
FNH:0
FNDA:0,(anonymous_4)
FNDA:0,(anonymous_5)
FNDA:0,(anonymous_6)
FNDA:0,(anonymous_7)
DA:1,0
DA:6,0
DA:7,0
DA:8,0
DA:9,0
DA:10,0
DA:20,0
DA:23,0
DA:24,0
DA:32,0
DA:33,0
DA:37,0
DA:41,0
DA:42,0
DA:46,0
DA:47,0
DA:48,0
DA:51,0
DA:53,0
DA:56,0
DA:57,0
DA:58,0
DA:59,0
DA:61,0
DA:64,0
DA:75,0
DA:84,0
DA:93,0
DA:101,0
DA:108,0
LF:30
LH:0
BRDA:32,0,0,0
BRDA:41,1,0,0
BRF:2
BRH:0
end_of_record
TN:
SF:src/services/resend-verification.service.ts
FN:32,(anonymous_4)
FN:42,(anonymous_5)
FN:166,(anonymous_6)
FN:194,(anonymous_7)
FNF:4
FNH:0
FNDA:0,(anonymous_4)
FNDA:0,(anonymous_5)
FNDA:0,(anonymous_6)
FNDA:0,(anonymous_7)
DA:1,0
DA:7,0
DA:8,0
DA:9,0
DA:10,0
DA:11,0
DA:19,0
DA:20,0
DA:31,0
DA:34,0
DA:36,0
DA:38,0
DA:39,0
DA:47,0
DA:51,0
DA:52,0
DA:56,0
DA:57,0
DA:60,0
DA:63,0
DA:66,0
DA:74,0
DA:75,0
DA:81,0
DA:82,0
DA:88,0
DA:89,0
DA:95,0
DA:98,0
DA:104,0
DA:111,0
DA:112,0
DA:119,0
DA:120,0
DA:121,0
DA:124,0
DA:127,0
DA:128,0
DA:129,0
DA:130,0
DA:132,0
DA:135,0
DA:143,0
DA:150,0
DA:159,0
DA:167,0
DA:168,0
DA:170,0
DA:172,0
DA:176,0
DA:179,0
DA:180,0
DA:181,0
DA:182,0
DA:184,0
DA:187,0
DA:195,0
DA:196,0
LF:58
LH:0
BRDA:51,0,0,0
BRDA:56,1,0,0
BRDA:74,2,0,0
BRDA:81,3,0,0
BRDA:88,4,0,0
BRDA:95,5,0,0
BRDA:111,6,0,0
BRDA:167,7,0,0
BRDA:167,7,1,0
BRDA:168,8,0,0
BRDA:168,8,1,0
BRDA:170,9,0,0
BRDA:170,9,1,0
BRDA:170,10,0,0
BRDA:170,10,1,0
BRDA:176,11,0,0
BRDA:176,11,1,0
BRDA:176,12,0,0
BRDA:176,12,1,0
BRDA:195,13,0,0
BRDA:195,13,1,0
BRF:21
BRH:0
end_of_record
TN:
SF:src/services/service-addition.service.ts
FN:21,(anonymous_4)
FN:28,(anonymous_5)
FNF:2
FNH:0
FNDA:0,(anonymous_4)
FNDA:0,(anonymous_5)
DA:1,1
DA:6,1
DA:7,1
DA:8,1
DA:9,1
DA:20,1
DA:23,0
DA:25,0
DA:33,0
DA:37,0
DA:38,0
DA:42,0
DA:43,0
DA:46,0
DA:49,0
DA:51,0
DA:58,0
DA:59,0
DA:65,0
DA:75,0
DA:76,0
DA:80,0
DA:87,0
DA:96,0
DA:105,0
LF:25
LH:6
BRDA:37,0,0,0
BRDA:42,1,0,0
BRDA:58,2,0,0
BRDA:68,3,0,0
BRDA:68,3,1,0
BRF:5
BRH:0
end_of_record
TN:
SF:src/services/service-deletion.service.ts
FN:16,(anonymous_4)
FN:23,(anonymous_5)
FNF:2
FNH:0
FNDA:0,(anonymous_4)
FNDA:0,(anonymous_5)
DA:1,0
DA:6,0
DA:7,0
DA:8,0
DA:9,0
DA:12,0
DA:15,0
DA:18,0
DA:20,0
DA:28,0
DA:32,0
DA:33,0
DA:37,0
DA:38,0
DA:42,0
DA:49,0
DA:50,0
DA:56,0
DA:57,0
DA:63,0
DA:64,0
DA:67,0
DA:70,0
DA:72,0
DA:91,0
LF:25
LH:0
BRDA:32,0,0,0
BRDA:37,1,0,0
BRDA:49,2,0,0
BRDA:56,3,0,0
BRF:4
BRH:0
end_of_record
TN:
SF:src/services/service-update.service.ts
FN:19,(anonymous_4)
FN:26,(anonymous_5)
FNF:2
FNH:0
FNDA:0,(anonymous_4)
FNDA:0,(anonymous_5)
DA:1,0
DA:6,0
DA:7,0
DA:8,0
DA:9,0
DA:15,0
DA:18,0
DA:21,0
DA:23,0
DA:32,0
DA:36,0
DA:37,0
DA:41,0
DA:42,0
DA:46,0
DA:53,0
DA:54,0
DA:60,0
DA:61,0
DA:65,0
DA:68,0
DA:69,0
DA:74,0
DA:83,0
DA:90,0
DA:97,0
DA:100,0
DA:103,0
DA:105,0
DA:122,0
LF:30
LH:0
BRDA:36,0,0,0
BRDA:41,1,0,0
BRDA:53,2,0,0
BRDA:60,3,0,0
BRDA:68,4,0,0
BRF:5
BRH:0
end_of_record
TN:
SF:src/services/verification-generation.service.ts
FN:32,(anonymous_4)
FN:42,(anonymous_5)
FN:169,(anonymous_6)
FN:197,(anonymous_7)
FNF:4
FNH:0
FNDA:0,(anonymous_4)
FNDA:0,(anonymous_5)
FNDA:0,(anonymous_6)
FNDA:0,(anonymous_7)
DA:1,1
DA:7,1
DA:8,1
DA:9,1
DA:10,1
DA:11,1
DA:19,1
DA:20,1
DA:31,1
DA:34,0
DA:36,0
DA:38,0
DA:39,0
DA:47,0
DA:51,0
DA:52,0
DA:56,0
DA:57,0
DA:60,0
DA:63,0
DA:65,0
DA:73,0
DA:74,0
DA:81,0
DA:91,0
DA:93,0
DA:94,0
DA:99,0
DA:100,0
DA:106,0
DA:107,0
DA:108,0
DA:111,0
DA:114,0
DA:134,0
DA:137,0
DA:146,0
DA:153,0
DA:162,0
DA:170,0
DA:171,0
DA:173,0
DA:175,0
DA:179,0
DA:182,0
DA:183,0
DA:184,0
DA:185,0
DA:187,0
DA:190,0
DA:198,0
DA:199,0
LF:52
LH:9
BRDA:51,0,0,0
BRDA:56,1,0,0
BRDA:73,2,0,0
BRDA:91,3,0,0
BRDA:93,4,0,0
BRDA:93,4,1,0
BRDA:123,5,0,0
BRDA:123,5,1,0
BRDA:125,6,0,0
BRDA:125,6,1,0
BRDA:170,7,0,0
BRDA:170,7,1,0
BRDA:171,8,0,0
BRDA:171,8,1,0
BRDA:173,9,0,0
BRDA:173,9,1,0
BRDA:173,10,0,0
BRDA:173,10,1,0
BRDA:179,11,0,0
BRDA:179,11,1,0
BRDA:179,12,0,0
BRDA:179,12,1,0
BRDA:198,13,0,0
BRDA:198,13,1,0
BRF:24
BRH:0
end_of_record
TN:
SF:src/services/verification.service.ts
FN:22,(anonymous_4)
FN:30,(anonymous_5)
FNF:2
FNH:0
FNDA:0,(anonymous_4)
FNDA:0,(anonymous_5)
DA:1,0
DA:7,0
DA:8,0
DA:9,0
DA:10,0
DA:17,0
DA:18,0
DA:21,0
DA:24,0
DA:26,0
DA:27,0
DA:35,0
DA:39,0
DA:40,0
DA:44,0
DA:45,0
DA:49,0
DA:52,0
DA:60,0
DA:61,0
DA:67,0
DA:68,0
DA:74,0
DA:75,0
DA:81,0
DA:85,0
DA:92,0
DA:93,0
DA:95,0
DA:101,0
DA:103,0
DA:104,0
DA:106,0
DA:112,0
DA:113,0
DA:114,0
DA:116,0
DA:120,0
DA:127,0
DA:136,0
LF:40
LH:0
BRDA:39,0,0,0
BRDA:44,1,0,0
BRDA:60,2,0,0
BRDA:67,3,0,0
BRDA:74,4,0,0
BRDA:81,5,0,0
BRDA:101,6,0,0
BRF:7
BRH:0
end_of_record
